  0.13861|E|mountPaths| Cannot set up directory watchers for /home/rizkimapa/Games/BeamNG.tech.v0.38.5.0/. VFS updates will be affected. Original error: Invalid argument
  0.14034|D|saveStoredVersion| Saving version '0.38.5.0' to ini file '/home/rizkimapa/.local/share/BeamNG/BeamNG.tech.ini'
  0.14076|D|crashrpt| Installing crash reporter on path: /home/rizkimapa/Documents/V2V_LoRa_CAN/BeamNG.tech/current/temp/crashReports
  0.34027|I|engine| Virtual Filesystem: user path: /home/rizkimapa/Documents/V2V_LoRa_CAN/BeamNG.tech/current/ (Command line argument (-userpath))
  0.34028|D|main| H2 9E8F68E4ABDD28A49347784516E376A1B976
  0.35757|I|init| Initializing platform...
  0.35786|D|engine| initializing 115 modules (only displaying anything above 0.1 s)...
  0.35787|D|gfx| GFX Init:
  0.35787|D|gfx|    Null device found
  0.42417|D|fmod| FMOD API version: 2.03.09
  0.43959|D|sfx| Using default audio device: AkLIAM PD6 Digital Stereo (IEC958)
  0.44296|D|_init| SFXFMODDevice FMOD Driver info:
  0.44296|D|_init|  - id: 0
  0.44296|D|_init|  - name: AkLIAM PD6 Digital Stereo (IEC958)
  0.44296|D|_init|  - systemrate: 48000
  0.44296|D|_init|  - speakermode: 'Stereo' (internal id=3)
  0.44296|D|_init|  - speakermodechannels: 2
  0.50836|D|sfx| Created FMOD device 'AkLIAM PD6 Digital Stereo (IEC958)'
  0.50836|D|sfx|   CAPS_VoiceManagement
  0.50863|D|sfx|    Provider: FMOD
  0.50863|D|sfx|    Hardware: false
  0.50863|D|sfx|    Buffers: 16
  0.52638|I|GELua.| ============== GELUA VM loading ===============
  0.64540|D|GELua.core_versionUpdate.| Current version: '"0.38.5.0.19602"' ('"0.38"'), last version: '"0.38.5.0.19602"' ('"0.38"'), newInstall: 'false'
  0.64541|D|GELua.core_versionUpdate.| Folder cleanup skipped
  0.64546|D|GELua.gameplay_missions_progress.| Loaded 0 condition types from 0 files.
  0.64688|D|GELua.gameplay_missions_missions.| Loaded 2 procedural Mission Generators from 2 files.
  0.64791|D|GELua.gameplay_missions_unlocks.| Loaded 10 condition types from 4 files.
  0.65072|D|engine|  - GameEngineLua in 0.14 seconds
  0.65074|D|engine| ... all modules loaded in 0.293 seconds
  0.65120|D|init| OpenXR: Steam VR mode: disabled
  0.65121|D|init| SaveData cloud sync status: inactive
  0.77194|D|gfx| Available adapters: 2
  0.77195|D|gfx|  - name:GPU (Vulkan), outputName:\\.\DISPLAY1, gfx:Vulkan, gpu:GPU
  0.77195|D|gfx|  - name:GFX Null Device, outputName:, gfx:, gpu:
  0.77195|D|gfx| Attempting to create GFX device 1: GPU (Vulkan) [with output \\.\DISPLAY1]
  0.77196|D|gfx| shader model: 5.0 , available video modes: 28
  0.77197|D|gfx| Device created, setting adapter and enumerating modes
  0.79094|W|GELua.core_levels.| info.json missing: /levels/GridMap/info.json
  0.79100|E|GELua.core_levels.| No entry point for level found: /levels/GridMap. Ignoring level.
  0.95667|D|GELua._lua_ge_extensions_gameplay_missions_proceduralMissionGenerators_timeTrialMissions.| Hid 0 prodecural TimeTrials missions because they were hidden by real missions.
  0.95709|D|GELua.gameplay_missions_missions.| Loaded 566 total missions: 529 from files, 37 from generators.
  0.97425|D|GELua.| Processing 3352 files in 34 batches. Max batch size: 100
  1.32939|I|GELua.core_vehiclePaints.| Found 199 paints, 0 paint collections, 6 multiPaintSetups in 1 paint libraries, 8 same-name paint names
  1.47808|D|GELua.gameplay_missions_unlocks.| Processed unlock status of missions: 439/566 startable missions, 441/566 visible missions.
  1.48903|I|GELua.TechCom| Started listening on 127.0.0.1/25252.
  1.55236|D|vulkan| 27 supported Vk instance extensions: VK_EXT_headless_surface, VK_NV_display_stereo, VK_EXT_swapchain_colorspace, VK_EXT_display_surface_counter, VK_EXT_debug_utils, VK_EXT_debug_report, VK_EXT_acquire_xlib_display, VK_EXT_acquire_drm_display, VK_KHR_xlib_surface, VK_EXT_layer_settings, VK_KHR_device_group_creation, VK_KHR_display, VK_EXT_direct_mode_display, VK_KHR_external_semaphore_capabilities, VK_KHR_get_display_properties2, VK_KHR_get_physical_device_properties2, VK_KHR_surface_maintenance1, VK_LUNARG_direct_driver_loading, VK_KHR_external_memory_capabilities, VK_KHR_portability_enumeration, VK_KHR_get_surface_capabilities2, VK_EXT_surface_maintenance1, VK_KHR_xcb_surface, VK_KHR_external_fence_capabilities, VK_KHR_surface, VK_KHR_surface_protected_capabilities, VK_KHR_wayland_surface
  1.55240|D|vulkan| The requested Vulkan instance extension does not appear to be supported, skipping extension: VK_NV_external_memory_capabilities
  1.55334|D|vulkan| 12 Layers: VK_LAYER_LS_frame_generation, VK_LAYER_VALVE_steam_overlay_32, VK_LAYER_VALVE_steam_overlay_64, VK_LAYER_VALVE_steam_fossilize_32, VK_LAYER_VALVE_steam_fossilize_64, VK_LAYER_MANGOHUD_overlay_x86_64, VK_LAYER_NV_optimus, VK_LAYER_NV_present, VK_LAYER_MESA_anti_lag, VK_LAYER_MESA_device_select, VK_LAYER_ALVR_capture, VK_LAYER_KHRONOS_validation
  1.55335|D|vulkan| Attempting to create vulkan instance with the following 7 instance extensions: VK_KHR_get_physical_device_properties2, VK_EXT_debug_utils, VK_KHR_surface, VK_KHR_external_memory_capabilities, VK_KHR_external_fence_capabilities, VK_KHR_external_semaphore_capabilities, VK_KHR_xlib_surface
  1.56744|D|vulkan| Available vulkan devices:
  1.56744|D|vulkan|  - name:Intel(R) Iris(R) Xe Graphics (ADL GT2) vendor:32902 version:109051908 type:Integrated
  1.56745|D|vulkan|  - name:NVIDIA GeForce RTX 3060 Laptop GPU vendor:4318 version:2496561344 type:Discrete
  1.56746|D|vulkan| Trying to locate a vulkan device with type: Discrete
  1.56746|D|vulkan|  - Ignoring vulkan device with unsuitable type: name:Intel(R) Iris(R) Xe Graphics (ADL GT2) vendor:32902 version:109051908 type:Integrated
  1.56746|D|vulkan|  - Found vulkan device with suitable type: name:NVIDIA GeForce RTX 3060 Laptop GPU vendor:4318 version:2496561344 type:Discrete
  1.56785|D|vulkan| 273 supported Vk device extensions: VK_GOOGLE_hlsl_functionality1, VK_NVX_image_view_handle, VK_NVX_binary_import, VK_NV_viewport_swizzle, VK_NV_shading_rate_image, VK_NV_shader_subgroup_partitioned, VK_NV_shader_sm_builtins, VK_NV_shader_image_footprint, VK_NV_shader_atomic_float16_vector, VK_NV_scissor_exclusive, VK_NV_sample_mask_override_coverage, VK_NV_representative_fragment_test, VK_KHR_shader_fma, VK_GOOGLE_user_type, VK_EXT_buffer_device_address, VK_KHR_sampler_mirror_clamp_to_edge, VK_EXT_attachment_feedback_loop_layout, VK_KHR_video_maintenance2, VK_KHR_video_encode_h265, VK_EXT_present_timing, VK_KHR_video_decode_av1, VK_KHR_video_encode_h264, VK_KHR_8bit_storage, VK_KHR_ray_tracing_position_fetch, VK_EXT_legacy_vertex_attributes, VK_KHR_swapchain_mutable_format, VK_KHR_push_descriptor, VK_KHR_swapchain_maintenance1, VK_NVX_multiview_per_view_attributes, VK_KHR_video_decode_h264, VK_KHR_synchronization2, VK_KHR_format_feature_flags2, VK_EXT_shader_subgroup_ballot, VK_KHR_shared_presentable_image, VK_KHR_shader_untyped_pointers, VK_EXT_sampler_filter_minmax, VK_KHR_swapchain, VK_KHR_shader_subgroup_uniform_control_flow, VK_KHR_shader_subgroup_rotate, VK_KHR_shader_integer_dot_product, VK_EXT_dynamic_rendering_unused_attachments, VK_KHR_shader_float_controls, VK_KHR_workgroup_memory_explicit_layout, VK_KHR_shader_expect_assume, VK_KHR_relaxed_block_layout, VK_KHR_external_memory, VK_KHR_index_type_uint8, VK_EXT_line_rasterization, VK_EXT_ycbcr_image_arrays, VK_EXT_4444_formats, VK_KHR_shader_clock, VK_KHR_shader_atomic_int64, VK_KHR_shader_subgroup_extended_types, VK_EXT_queue_family_foreign, VK_KHR_unified_image_layouts, VK_EXT_provoking_vertex, VK_KHR_video_encode_queue, VK_EXT_custom_border_color, VK_KHR_robustness2, VK_KHR_ray_tracing_pipeline, VK_KHR_map_memory2, VK_EXT_border_color_swizzle, VK_NV_ray_tracing_invocation_reorder, VK_KHR_shader_float16_int8, VK_EXT_depth_clip_enable, VK_NV_cuda_kernel_launch, VK_KHR_external_memory_fd, VK_EXT_vertex_input_dynamic_state, VK_KHR_video_encode_quantization_map, VK_KHR_vertex_attribute_divisor, VK_KHR_pipeline_library, VK_EXT_image_sliced_view_of_3d, VK_KHR_dynamic_rendering_local_read, VK_KHR_uniform_buffer_standard_layout, VK_KHR_device_group, VK_KHR_descriptor_update_template, VK_EXT_display_control, VK_KHR_external_semaphore, VK_KHR_depth_stencil_resolve, VK_KHR_ray_query, VK_EXT_transform_feedback, VK_KHR_variable_pointers, VK_KHR_calibrated_timestamps, VK_KHR_separate_depth_stencil_layouts, VK_KHR_compute_shader_derivatives, VK_KHR_shader_bfloat16, VK_KHR_present_wait2, VK_KHR_vulkan_memory_model, VK_KHR_external_fence_fd, VK_KHR_video_queue, VK_KHR_video_decode_vp9, VK_KHR_deferred_host_operations, VK_KHR_pipeline_binary, VK_KHR_maintenance3, VK_KHR_shader_non_semantic_info, VK_KHR_maintenance6, VK_KHR_dedicated_allocation, VK_KHR_bind_memory2, VK_KHR_copy_memory_indirect, VK_KHR_imageless_framebuffer, VK_EXT_calibrated_timestamps, VK_KHR_maintenance7, VK_KHR_driver_properties, VK_KHR_copy_commands2, VK_KHR_ray_tracing_maintenance1, VK_KHR_acceleration_structure, VK_KHR_fragment_shader_barycentric, VK_KHR_draw_indirect_count, VK_KHR_maintenance1, VK_EXT_extended_dynamic_state3, VK_EXT_external_memory_host, VK_KHR_16bit_storage, VK_KHR_maintenance8, VK_EXT_attachment_feedback_loop_dynamic_state, VK_KHR_maintenance5, VK_KHR_shader_terminate_invocation, VK_EXT_separate_stencil_usage, VK_EXT_shader_atomic_float, VK_NV_cooperative_matrix2, VK_KHR_present_mode_fifo_latest_ready, VK_NV_cooperative_matrix, VK_KHR_shader_relaxed_extended_instruction, VK_KHR_get_memory_requirements2, VK_EXT_color_write_enable, VK_EXT_conditional_rendering, VK_KHR_video_decode_queue, VK_KHR_create_renderpass2, VK_KHR_fragment_shading_rate, VK_KHR_incremental_present, VK_KHR_depth_clamp_zero_one, VK_EXT_ycbcr_2plane_444_formats, VK_KHR_cooperative_matrix, VK_EXT_device_generated_commands, VK_EXT_blend_operation_advanced, VK_KHR_external_semaphore_fd, VK_KHR_present_id2, VK_NV_device_generated_commands_compute, VK_EXT_discard_rectangles, VK_KHR_global_priority, VK_EXT_pipeline_creation_feedback, VK_NV_dedicated_allocation, VK_KHR_storage_buffer_storage_class, VK_KHR_line_rasterization, VK_KHR_spirv_1_4, VK_EXT_pipeline_creation_cache_control, VK_KHR_maintenance10, VK_KHR_maintenance9, VK_KHR_multiview, VK_KHR_maintenance2, VK_KHR_shader_maximal_reconvergence, VK_EXT_pci_bus_info, VK_KHR_pipeline_executable_properties, VK_NV_viewport_array2, VK_KHR_present_id, VK_EXT_index_type_uint8, VK_EXT_depth_bias_control, VK_KHR_shader_float_controls2, VK_EXT_depth_clip_control, VK_EXT_opacity_micromap, VK_NV_disk_cache_utils, VK_EXT_depth_clamp_control, VK_EXT_descriptor_heap, VK_EXT_descriptor_indexing, VK_EXT_custom_resolve, VK_EXT_pageable_device_local_memory, VK_EXT_device_address_binding_report, VK_KHR_dynamic_rendering, VK_EXT_load_store_op_none, VK_EXT_device_fault, VK_EXT_swapchain_maintenance1, VK_EXT_extended_dynamic_state, VK_KHR_buffer_device_address, VK_KHR_load_store_op_none, VK_NV_geometry_shader_passthrough, VK_EXT_external_memory_dma_buf, VK_EXT_fragment_shader_interlock, VK_KHR_zero_initialize_workgroup_memory, VK_EXT_global_priority, VK_EXT_graphics_pipeline_library, VK_EXT_primitive_topology_list_restart, VK_EXT_hdr_metadata, VK_EXT_host_image_copy, VK_EXT_host_query_reset, VK_NV_descriptor_pool_overallocation, VK_EXT_image_2d_view_of_3d, VK_EXT_image_drm_format_modifier, VK_EXT_post_depth_coverage, VK_EXT_image_robustness, VK_EXT_image_view_min_lod, VK_AMD_buffer_marker, VK_EXT_inline_uniform_block, VK_EXT_map_memory_placed, VK_EXT_memory_budget, VK_EXT_memory_priority, VK_EXT_mesh_shader, VK_NV_cluster_acceleration_structure, VK_EXT_multi_draw, VK_EXT_mutable_descriptor_type, VK_EXT_nested_command_buffer, VK_EXT_physical_device_drm, VK_EXT_shader_uniform_buffer_unsized_array, VK_KHR_video_encode_intra_refresh, VK_NV_fragment_shading_rate_enums, VK_EXT_pipeline_library_group_handles, VK_KHR_present_wait, VK_EXT_scalar_block_layout, VK_EXT_pipeline_robustness, VK_EXT_present_mode_fifo_latest_ready, VK_EXT_primitives_generated_query, VK_EXT_subgroup_size_control, VK_EXT_private_data, VK_EXT_shader_module_identifier, VK_EXT_conservative_rasterization, VK_KHR_video_maintenance1, VK_EXT_ray_tracing_invocation_reorder, VK_EXT_shader_subgroup_vote, VK_EXT_robustness2, VK_KHR_external_fence, VK_EXT_depth_range_unrestricted, VK_NV_mesh_shader, VK_EXT_sample_locations, VK_EXT_shader_64bit_indexing, VK_EXT_memory_decompression, VK_EXT_shader_demote_to_helper_invocation, VK_EXT_shader_image_atomic_int64, VK_EXT_shader_replicated_composites, VK_KHR_timeline_semaphore, VK_EXT_shader_viewport_index_layer, VK_EXT_texel_buffer_alignment, VK_KHR_sampler_ycbcr_conversion, VK_EXT_tooling_info, VK_KHR_shader_draw_parameters, VK_EXT_shader_object, VK_EXT_vertex_attribute_divisor, VK_EXT_vertex_attribute_robustness, VK_KHR_maintenance4, VK_EXT_descriptor_buffer, VK_EXT_zero_initialize_device_memory, VK_EXT_global_priority_query, VK_NV_clip_space_w_scaling, VK_NV_compute_occupancy_priority, VK_NV_compute_shader_derivatives, VK_NV_cooperative_vector, VK_EXT_extended_dynamic_state2, VK_NV_device_diagnostic_checkpoints, VK_NV_copy_memory_indirect, VK_NV_corner_sampled_image, VK_NV_coverage_reduction_mode, VK_KHR_video_decode_h265, VK_NV_dedicated_allocation_image_aliasing, VK_NV_fragment_coverage_to_color, VK_NV_device_diagnostics_config, VK_NV_device_generated_commands, VK_NV_extended_sparse_address_space, VK_EXT_non_seamless_cube_map, VK_NV_fill_rectangle, VK_NV_fragment_shader_barycentric, VK_NV_framebuffer_mixed_samples, VK_NV_inherited_viewport_scissor, VK_NV_internal_nvpresent, VK_KHR_shader_quad_control, VK_NV_linear_color_attachment, VK_KHR_image_format_list, VK_NV_low_latency, VK_NV_ray_tracing_motion_blur, VK_NV_low_latency2, VK_EXT_depth_clamp_zero_one, VK_NV_memory_decompression, VK_NV_optical_flow, VK_NV_partitioned_acceleration_structure, VK_NV_present_metering, VK_NV_raw_access_chains, VK_NV_ray_tracing
  1.56797|D|vulkan| Attempting to create vulkan device with the following 27 vulkan device extensions: VK_KHR_swapchain, VK_EXT_memory_budget, VK_EXT_memory_priority, VK_NV_device_diagnostic_checkpoints, VK_EXT_robustness2, VK_KHR_fragment_shader_barycentric, VK_EXT_pageable_device_local_memory, VK_KHR_ray_query, VK_KHR_ray_tracing_pipeline, VK_KHR_acceleration_structure, VK_KHR_deferred_host_operations, VK_KHR_get_memory_requirements2, VK_KHR_external_memory_fd, VK_KHR_external_semaphore_fd, VK_KHR_external_fence_fd, VK_KHR_image_format_list, VK_KHR_external_memory, VK_KHR_external_fence, VK_KHR_external_semaphore, VK_KHR_dedicated_allocation, VK_EXT_queue_family_foreign, VK_KHR_bind_memory2, VK_KHR_create_renderpass2, VK_KHR_maintenance2, VK_KHR_multiview, VK_KHR_push_descriptor, VK_KHR_timeline_semaphore
  1.94123|D|vulkan| Created Vulkan device from NVIDIA GeForce RTX 3060 Laptop GPU
  1.94208|D|gfx| GFXCardProfiler (Vulkan) - Setting capability 'maxTextureWidth' to 8192.
  1.94209|D|gfx| GFXCardProfiler (Vulkan) - Setting capability 'maxTextureHeight' to 8192.
  1.94209|D|gfx| GFXCardProfiler (Vulkan) - Setting capability 'maxTextureSize' to 8192.
  1.94209|D|gfx| GFXCardProfiler (Vulkan) - Setting capability 'autoMipMapLevel' to 1.
  1.94209|D|gfx| GFXCardProfiler (Vulkan) - Setting capability 'lerpDetailBlend' to 1.
  1.94209|D|gfx| GFXCardProfiler (Vulkan) - Setting capability 'fourStageDetailBlend' to 1.
  2.05746|D|initShaderGen| Failed to remove file /temp/shaders/procedural/autogenConditioners.h
  2.05995|D|vulkan| Vulkan render initialized
  2.05999|I|vulkan| Driver Name: NVIDIA
  2.05999|I|vulkan| Driver Info: 595.58.03
  2.12493|D|GELua.core_settings_graphic.graphic| Sanitizing display - //./DISPLAY1: Passed.
  2.12494|D|GELua.core_settings_graphic.graphic| Sanitizing display mode - Window: Passed.
  2.12494|D|GELua.core_settings_graphic.graphic| Sanitizing display resolution for Window mode - 1280 720: Passed.
  2.14733|D|imgui| Loading 13 imgui fonts...
  2.14738|D|imgui| Adding fonts to imgui:
  2.14827|D|imgui| 	'cairo_bold'->'ui/common/Cairo-Bold.ttf' Scale: 1.3  RangeCount: 3
  2.14896|D|imgui| 	'cairo_regular'->'ui/common/Cairo-Regular.ttf' Scale: 1.3  RangeCount: 3
  2.14901|D|imgui| 	'cairo_regular_medium'->'ui/common/Cairo-Regular.ttf' Scale: 1.8  RangeCount: 3
  2.14971|D|imgui| 	'cairo_semibold_large'->'ui/common/Cairo-SemiBold.ttf' Scale: 2  RangeCount: 3
  2.15079|D|imgui| 	'consola_regular'->'ui/common/win/consola.ttf' Scale: 1  RangeCount: 4
  2.15199|D|imgui| 	'icons'->'ui/common/fa-solid-900.ttf' Scale: 3  RangeCount: 1
  2.15693|D|imgui| 	'notosans_jp_regular'->'ui/common/NotoSansJP-Regular.otf' Scale: 1  RangeCount: 3004
  2.15946|D|imgui| 	'notosans_kr_regular'->'ui/common/NotoSansKR-Regular.otf' Scale: 1  RangeCount: 3
  2.16684|D|imgui| 	'notosans_sc_regular'->'ui/common/NotoSansSC-Regular.otf' Scale: 1  RangeCount: 2506
  2.17226|D|imgui| 	'notosans_tc_regular'->'ui/common/NotoSansTC-Regular.otf' Scale: 1  RangeCount: 7
  2.17310|D|imgui| 	'prompt_regular'->'ui/common/Prompt-Regular.ttf' Scale: 1  RangeCount: 3
  2.17367|D|imgui| 	'robotomono_regular'->'ui/common/RobotoMono-Regular.ttf' Scale: 1  RangeCount: 4
  2.17550|D|imgui| 	'segoeui_regular'->'ui/common/win/segoeui.ttf' Scale: 1  RangeCount: 4
  2.17592|D|getImFontAtlasHash| atlas->Flags: 0
  2.17593|D|getImFontAtlasHash| atlas->TexDesiredWidth: 0
  2.17593|D|getImFontAtlasHash| atlas->TexGlyphPadding: 1
  2.17593|D|getImFontAtlasHash| atlas->TexPixelsUseColors: false
  2.17593|D|getImFontAtlasHash| atlas->Fonts.Size: 13
  2.29227|D|load| imguiAtlas cache loaded GE=0.38.5.0.19602 imgui=1.89.8 WIP
  2.29522|D|imgui| font texture contains 13 fonts. Atlas size: 4096x16384px
  2.29523|D|imgui|  - cairo_bold           [24.3 px]:    292 glyphs
  2.29523|D|imgui|  - cairo_regular        [24.3 px]:    292 glyphs
  2.29523|D|imgui|  - cairo_regular_medium [33.7 px]:    292 glyphs
  2.29523|D|imgui|  - cairo_semibold_large [37.4 px]:    292 glyphs
  2.29523|D|imgui|  - consola_regular      [18.7 px]:    465 glyphs
  2.29523|D|imgui|  - icons                [56.1 px]:     16 glyphs
  2.29524|D|imgui|  - notosans_jp_regular  [18.7 px]:   3685 glyphs
  2.29524|D|imgui|  - notosans_kr_regular  [18.7 px]:    388 glyphs
  2.29524|D|imgui|  - notosans_sc_regular  [18.7 px]:   3220 glyphs
  2.29524|D|imgui|  - notosans_tc_regular  [18.7 px]:  16064 glyphs
  2.29524|D|imgui|  - prompt_regular       [18.7 px]:    299 glyphs
  2.29524|D|imgui|  - robotomono_regular   [18.7 px]:    460 glyphs
  2.29524|D|imgui|  - segoeui_regular      [18.7 px]:    465 glyphs
  2.29524|D|imgui| 26230 glyphs totally
  2.32075|D|_mapMaterial| [Material::mapMaterial] - Cannot map unnamed Material - settings/game-settings.cs
  2.52129|I|GELua.| ============== GELUA VM loaded ================
  2.73848|D|run| Started up in 2.82 seconds: fs: 224ms, fs: 198ms, singletonThread: 7ms, platform: 10ms, modules: 293ms, TScmdline: 1871ms, cef2: 216ms
  2.73849|W|run| Lua security sandbox not enabled! This can be dangerous if you are running untrusted Lua code.
To hide this warning, run BeamNG with either the '-enable-sandbox' argument to enable the sandbox
or with the '-disable-sandbox' argument to explicitly disable it.
In future versions of BeamNG.tech, '-enable-sandbox' will become the default option.
  2.98316|D|fmod| Opened project '/art/sound/fmod/desktop/main_preload.assets.bank' in 0.067 seconds. [Preload sample data]
  3.06835|D|fmod| Opened project '/art/sound/fmod/desktop/main_preload.streams.bank' in 0.085 seconds. [Preload sample data]
  3.15348|D|fmod| Opened project '/art/sound/fmod/desktop/vehicle_preload.assets.bank' in 0.085 seconds. [Preload sample data]
  3.23885|D|fmod| Opened project '/art/sound/fmod/desktop/vehicle_preload.streams.bank' in 0.085 seconds. [Preload sample data]
  3.28951|D|fmod| Opened project '/art/sound/fmod/desktop/ambient_maps.streams.bank' in 0.051 seconds. 
  3.33018|D|fmod| Opened project '/art/sound/fmod/desktop/music.assets.bank' in 0.041 seconds. 
  3.37575|D|fmod| Opened project '/art/sound/fmod/desktop/music.streams.bank' in 0.045 seconds. 
  3.41633|D|fmod| Opened project '/art/sound/fmod/desktop/speech.assets.bank' in 0.040 seconds. 
  3.45714|D|fmod| Opened project '/art/sound/fmod/desktop/speech.streams.bank' in 0.041 seconds. 
  3.50292|D|fmod| Opened project '/art/sound/fmod/desktop/ui.assets.bank' in 0.046 seconds. 
  3.54343|D|fmod| Opened project '/art/sound/fmod/desktop/ui.streams.bank' in 0.040 seconds. 
  3.58907|D|fmod| Opened project '/art/sound/fmod/desktop/vehicle.assets.bank' in 0.046 seconds. 
  3.62963|D|fmod| Opened project '/art/sound/fmod/desktop/vehicle.streams.bank' in 0.040 seconds. 
  3.70763|D|fmod| Opened project '/art/sound/fmod/desktop/main_preload.strings.bank' in 0.078 seconds. [Preload sample data]
  4.02832|D|fmod| Opened project '/art/sound/fmod/desktop/main_preload.bank' in 0.320 seconds. [Preload sample data]
  4.41717|D|fmod| Opened project '/art/sound/fmod/desktop/vehicle_preload.bank' in 0.387 seconds. [Preload sample data]
  4.46367|D|fmod| Opened project '/art/sound/fmod/desktop/music.bank' in 0.046 seconds. 
  4.50445|D|fmod| Opened project '/art/sound/fmod/desktop/speech.bank' in 0.041 seconds. 
  4.54532|D|fmod| Opened project '/art/sound/fmod/desktop/ui.bank' in 0.040 seconds. 
  4.68233|D|fmod| Opened project '/art/sound/fmod/desktop/vehicle.bank' in 0.137 seconds. 
  4.75000|D|GELua.core_input_bindings.bindings| Loaded 300 bindings for device keyboard0
  4.75023|D|GELua.core_input_bindings.bindings| Loaded 20 bindings for device mouse0
  4.88494|D|sfx| Using default audio device: AkLIAM PD6 Digital Stereo (IEC958)
  4.88524|D|GELua.gameplay_rawPois.| Raw Poi Lists Cleared. New Generation: 1
  4.88525|D|GELua.gameplay_rawPois.| Raw Poi Lists Cleared. New Generation: 2
  4.88525|D|GELua.gameplay_rawPois.| Raw Poi Lists Cleared. New Generation: 3
  4.88525|D|GELua.gameplay_rawPois.| Raw Poi Lists Cleared. New Generation: 4
  4.88525|D|GELua.gameplay_rawPois.| Raw Poi Lists Cleared. New Generation: 5
  4.88525|D|GELua.gameplay_rawPois.| Raw Poi Lists Cleared. New Generation: 6
  4.88542|D|GELua.gameplay_rawPois.| Raw Poi Lists Cleared. New Generation: 7
  4.88542|D|GELua.gameplay_rawPois.| Raw Poi Lists Cleared. New Generation: 8
  4.88579|D|GELua.core_settings_settings.| refreshLanguages(): oldLanguage = ""  appliedLanguage = "" userLanguage = ""
  4.88579|D|GELua.core_settings_settings.|        switching language.
  4.98719|D|reloadLanguages| Could not load any language, falling back to 'en-US'
  4.98720|I|reloadLanguages| Switched from '' language to 'en-US' (as fallback, after trying '')
  4.98780|D|GELua.core_settings_settings.| set font: segoeui_regular
  4.98887|D|GELua.core_settings_graphic.graphic| Sanitizing display - //./DISPLAY1: Passed.
  4.98888|D|GELua.core_settings_graphic.graphic| Sanitizing display mode - Window: Passed.
  4.98888|D|GELua.core_settings_graphic.graphic| Sanitizing display resolution for Window mode - 1920 1005: Passed.
  4.98977|D|GELua.core_settings_graphic.graphic| Applying graphic settings: \\.\DISPLAY1, Window, 1920 x 1005 60 Hz
  5.19704|D|GELua.core_settings_graphic.graphic| Available Video Modes : { "1920 1080", "1680 1050", "1600 900", "1440 1080", "1440 900", "1400 1050", "1368 768", "1280 1024", "1280 960", "1280 800", "1280 720", "1152 864", "1152 720", "1024 768", "1024 576", "960 600", "928 580", "864 486", "800 600", "800 500", "768 480", "720 480", "640 480" }
  5.20784|D|sfx| Using default audio device: AkLIAM PD6 Digital Stereo (IEC958)
  5.21272|I|GELua.telemetry_core.telemetry| Telemetry disabled via settings - operating in no-op mode
  5.21368|D|GELua.core_modmanager.initDB| Notification : took 0.0019039999994419ms to reorganise 0 files
  5.21373|D|GELua.core_modmanager.initDB| Notification : took 0.050871000000008ms to callback
  5.23972|D|GELua.gameplay_rawPois.| Raw Poi Lists Cleared. New Generation: 9
  5.24056|I|GELua.adas_gauge_light.modscript| adas_gauge_light loaded (BeamNG.tech)
  5.28601|D|GELua.core_versionUpdate.| Saving lastVersion to disk: "0.38.5.0.19602"
  5.42367|I|GELua.tech_techCore.TechGE| Accepted new client: 127.0.0.1/42342
  5.53711|D|GELua.core_cameraModes_relative.core_camera.relative| No refNodes found, using default fallback
  5.55057|D|GELua.core_input_bindings.bindings| Loaded 300 bindings for device keyboard0
  5.55107|D|GELua.core_input_bindings.bindings| Loaded 20 bindings for device mouse0
  5.55637|D|GELua.tech_techCore.TechGE| Scenario file '/levels/italy/scenarios/v2v_ukf/v2v_ukf.json' changed, refreshing scenario cache.
  5.90466|D|GELua._lua_ge_extensions_gameplay_missions_proceduralMissionGenerators_timeTrialMissions.| Hid 0 prodecural TimeTrials missions because they were hidden by real missions.
  5.90518|D|GELua.gameplay_missions_missions.| Loaded 566 total missions: 529 from files, 37 from generators.
  5.92495|D|GELua.| Processing 3352 files in 34 batches. Max batch size: 100
  7.00959|D|GELua.gameplay_missions_unlocks.| Processed unlock status of missions: 439/566 startable missions, 441/566 visible missions.
  7.02005|W|GELua.core_levels.| info.json missing: /levels/GridMap/info.json
  7.02011|E|GELua.core_levels.| No entry point for level found: /levels/GridMap. Ignoring level.
  7.06441|I|GELua.tech_techCore.TechGE| Loading scenario: /levels/italy/scenarios/v2v_ukf/v2v_ukf.json
  7.06445|I|GELua.tech_techCore.TechGE| Scenario found...
  7.11105|I|GELua.core_quickAccess.| Loaded radial menu recent actions
  7.12497|D|GELua.ge_extensions_gameplay_crawl_boundary.crawl_boundary| Reset boundary objects tracking
  7.14146|D|GELua.scenario_scenarios.scenarios| loading level: /levels/italy/
  7.14148|D|GELua.core_gamestate.gamestate| loading screen request from: ; value before was: nil
  7.14148|D|GELua.core_gamestate.gamestate| sending show loading screen
  7.14150|D|GELua.core_gamestate.gamestate| ui initialised (false)
  7.14150|D|GELua.core_gamestate.gamestate| waiting for ui (false)
  7.14153|D|GELua.core_gamestate.gamestate| loading screen request from: server.lua; value before was: nil
  7.14153|D|GELua.core_gamestate.gamestate| ui initialised (false)
  7.14153|D|GELua.core_gamestate.gamestate| waiting for ui (true)
  7.14153|D|GELua.core_gamestate.gamestate| loading screen request from: worldReadyState; value before was: nil
  7.14153|D|GELua.core_gamestate.gamestate| ui initialised (false)
  7.14153|D|GELua.core_gamestate.gamestate| waiting for ui (true)
  7.14154|D|GELua.core_gamestate.gamestate| exiting : 
  8.22985|W|CEF.MainGEUI#local://local/ui/ui-vue/dist/index.js:26| Stream Coordinator: Angular $timeout service not available (no-injector)
  8.31067|D|GELua.core_gamestate.gamestate| show main menu (true)
  8.31069|D|GELua.util_richPresence.Rich Presence| Playing v2v_ukf
  8.31312|D|GELua.core_gamestate.gamestate| ui finished loading
  8.31312|D|GELua.core_gamestate.gamestate| wait for ui is over
  8.33136|I|CEF.MainGEUI#local://local/ui/ui-vue/dist/index.js:26| Stream Coordinator: Angular $timeout service resolved after retry
  8.44796|D|CEF.MainGEUI#local://local/ui/modules/apps/app-container.js:194| Expected AppLayout but didn't get one :-(  [object Object]
  8.50044|I|CEF.MainGEUI#local://local/ui/ui-vue/dist/index.js:23| ERROR: streamUpdate cycle is already active, skipping this update of streams
  8.56052|D|GELua.core_gamestate.gamestate| ui told us loading screen is now loaded
  8.56053|I|GELua.levelLoading| Level loading: '/levels/italy/'...
  8.59927|D|fmod| Opened project '/art/sound/fmod/desktop/ambient_maps.assets.bank' in 0.038 seconds. 
  8.69261|D|fmod| Opened project '/art/sound/fmod/desktop/ambient_maps.bank' in 0.055 seconds. 
  9.33500|D|LoadingManager| Starting to load objects for /levels/italy/main/
 10.66038|D|LoadingManager| Loaded     1x    Terrain::TerrainBlock         in 1.211s (1.211s each; 1.211s total so far in this category)
 10.67890|D|LoadingManager| Loaded     1x Environment::ScatterSky           in 0.014s (0.014s each; 0.018s total so far in this category)
 10.70482|D|LoadingManager| Loaded     6x Environment::WaterBlock           in 0.026s (0.004s each; 0.044s total so far in this category)
 10.73861|D|LoadingManager| Loaded    11x Environment::GroundCover          in 0.029s (0.003s each; 0.078s total so far in this category)
 10.98942|D|forest| Read 206149 forest items split into 96 different types
 12.71575|D|LoadingManager| Loaded     1x     Forest::Forest               in 1.976s (1.976s each; 1.976s total so far in this category)
 27.22272|D|LoadingManager| Loaded 14148x     Meshes::TSStatic             in 14.507s (0.001s each; 14.507s total so far in this category)
 29.40526|D|LoadingManager| Loaded   217x    Prefabs::Prefab               in 2.183s (0.010s each; 2.183s total so far in this category)
 29.97490|D|LoadingManager| Loaded  7900x      Roads::DecalRoad            in 0.570s (0.000s each; 0.570s total so far in this category)
 29.99709|D|LoadingManager| Loaded   382x      Audio::SFXSpace             in 0.015s (0.000s each; 0.020s total so far in this category)
 30.66572|I|_onObjectsReady| *** Built static data in 0.652s
 30.66669|I|GELua.levelLoading| Level loaded: /levels/italy/main.level.json
 30.91372|I|PhysicsPlugin| Physics collision reloading...
 32.42143|I|libbeamng.engine.staticCollision| *** Loaded Static Collision in 0.779s, Verts: 7411670, Tris: 12828027, Memory: 499.44MB
 32.42155|I|PhysicsPlugin| Physics collision reloaded in 1.508s (245419 entries generated in 0.729s, using  2.81mb)
 32.42232|D|GELua.spawn.lua| not spawning player upon request
 32.42304|D|GELua.core_gamestate.gamestate| exiting : server.lua
 32.42364|D|GELua.util_richPresence.Rich Presence| Playing v2v_ukf
 32.42481|D|GELua.util_richPresence.Rich Presence| Playing v2v_ukf on Italy
 32.66675|D|GELua.clientStartMission| starting levelPath: /levels/italy/main.level.json
 32.68891|D|GELua.scenario_scenarios.scenarios| Starting scenario : v2v_ukf
 32.68895|D|GELua.scenario_scenarios.scenarios| Scenario path : /levels/italy/scenarios/v2v_ukf/v2v_ukf.json
 32.68910|D|GELua.scenario_scenarios.scenarios| spawning prefabs ...
 32.68950|D|GELua.lua| adding prefab v2v_ukf
 32.68967|D|GELua.lua| loading prefab v2v_ukf
 32.68988|I|spawn| Spawning object 'etk800' with default config
 32.81034|D|GELua.core_vehicle_manager.vehicleLoader| partConfigData [string] = ""
 32.81590|W|GELua.core_vehicle_partmgmt.| Problems reading requested configuration: ""
 32.81672|W|GELua.core_vehicle_partmgmt.main| Supplied config file: "" not found. Using default config instead.
 32.88099|D|GELua.jbeam.startLoading| Loaded nil parts from 0 jbeam files in /vehicles/etk800/
 33.21087|D|GELua.jbeam.startLoading| Loaded nil parts from 0 jbeam files in /vehicles/common/
 33.51744|I|collada|  # Mesh Cache rebuilt summary: 6 of 175 files freshly loaded, 0 files already in cache
 33.51745|I|collada| 587 of 3265 meshes loaded -> 17.98 % 
 33.56658|D|GELua.core_vehicle_manager.loader| GE load time: 0.774307423 s
 33.92245|D|GELua.core_cameraModes_relative.core_camera.relative| No refNodes found, using default fallback
 33.92297|D|GELua.core_camera.| Camera switched to "orbit"
 33.97767|D|libbeamng.default.init| spawning vehicle /vehicles/etk800/
 34.03761|D|libbeamng.loader| Vehicle loading took: 7.0525220000022 ms
 34.06094|D|libbeamng.controller.init| Using relocated controller controller 'vehicleController' at '/vehicleController/vehicleController.lua', original file path: '/vehicleController.lua'
 34.06097|D|libbeamng.controller.init| Using relocated controller controller 'adaptiveBrakeLights' at '/braking/adaptiveBrakeLights.lua', original file path: '/adaptiveBrakeLights.lua'
 34.06097|D|libbeamng.controller.init| Using relocated controller controller 'postCrashBrake' at '/braking/postCrashBrake.lua', original file path: '/postCrashBrake.lua'
 34.09763|E|GELua.scenario_scenarios.scenarios| Prefab: v2v_ukf already exist in level. Rejecting loading of duplicate.
 34.09764|I|PhysicsPlugin| Physics collision reloading...
 34.69483|I|PhysicsPlugin| Physics collision reloaded in 0.597s (245419 entries generated in 0.597s, using  2.81mb)
 34.69487|D|GELua.scenario_scenarios.scenarios| changeState: pre-start
 34.69617|D|GELua.freeroam_facilities.| Loaded facilities on level italy (0 garages, 12 gasStations, 0 dealerships)
 35.53596|I|GELua.levelLoading| Loading screen disabled after 26.975s
 35.53598|I|GELua.levelLoading| Level loaded in 26.975s: init 0.183s + datablocks 0.071s + materials 0.520s + objects 21.358s + ai.map 0.000s + decals 0.220s + physics 1.508s + cam 0.001s + player 0.001s + fade 3.113s
 35.55823|D|GELua.simTimeAuthority| pushPauseRequest id: menu.mainmenu, pauseCounter: 1
 35.55838|D|GELua.scenario_scenarios.scenarios| changeState: physicsPaused
 35.58264|D|GELua.core_gamestate.gamestate| ui told us loading screen is now loaded
 35.58268|D|GELua.core_gamestate.gamestate| ui told us loading screen is now loaded
 35.60046|I|GELua.ui_uinavi.| No minimap data found in levels info.json. Creating minimap data from terrainblock data...
 35.63122|D|GELua.serverConnection| Everything should be loaded setting worldReadyState to 1
 36.43067|I|libbeamng.engine.staticCollision| *** Loaded Static Collision in 0.795s, Verts: 7411670, Tris: 12828027, Memory: 499.44MB
 36.69850|D|GELua.gameplay_playmodeMarkers.| Playmode markers/clusters cleared. New Generation: 9
 36.70910|D|GELua.gameplay_crawl_saveSystem.crawl_save_system| Found 0 trail files in path: /levels/italy/crawls/
 36.73100|D|GELua.gamestate| Checking material finished loading
 36.73102|D|GELua.core_gamestate.gamestate| exiting : worldReadyState
 36.73104|D|GELua.core_gamestate.gamestate| show main menu (false)
 36.73108|D|GELua.core_gamestate.gamestate| sending hide loading screen; showing main menu (false)
 37.86061|D|GELua.simTimeAuthority| popPauseRequest id: menu.mainmenu, pauseCounter: 0
 37.86067|D|GELua.scenario_scenarios.scenarios| changeState: pre-start
 37.90021|D|GELua.scenario_scenarios.processVehiclesInScene| processing vehicles. Found 1 vehicles
 37.90052|D|GELua.util_richPresence.Rich Presence| Playing v2v_ukf on Italy with ETK 800-Series
 37.91730|D|GELua.core_input_bindings.bindings| Loaded 300 bindings for device keyboard0
 37.91751|D|GELua.core_input_bindings.bindings| Loaded 20 bindings for device mouse0
 37.91752|D|inputHelper|           Found 0 FFB binding candidates to be assigned for action "steering" in vehicle 'etk800', vehicle ID 46291 (sorted by suitability)
 37.91752|D|inputRegistry| Found 0 FFBInterface candidates (unsorted)
 37.91755|D|inputHelper| Step 2: No matches found for player 0, device 'keyboard0' (abandoning search on this device)
 37.91755|D|inputHelper|           Found 1 FFB binding candidates to be assigned for action "accelerate" in vehicle 'etk800', vehicle ID 46291 (sorted by suitability)
 37.91755|D|inputHelper|            * playerBinding: Player 0, devName "keyboard0", control "up"
 37.91756|D|inputRegistry| Found 0 FFBInterface candidates (unsorted)
 37.91756|D|inputHelper| Step 1: No matches found for player 0, device 'keyboard0', control 'up' (abandoning search on this device)
 37.91757|D|inputHelper| Step 2: No matches found for player 0, device 'keyboard0' (abandoning search on this device)
 37.91757|D|inputHelper|           Found 1 FFB binding candidates to be assigned for action "brake" in vehicle 'etk800', vehicle ID 46291 (sorted by suitability)
 37.91757|D|inputHelper|            * playerBinding: Player 0, devName "keyboard0", control "down"
 37.91758|D|inputRegistry| Found 0 FFBInterface candidates (unsorted)
 37.91758|D|inputHelper| Step 1: No matches found for player 0, device 'keyboard0', control 'down' (abandoning search on this device)
 37.91759|D|inputHelper| Step 2: No matches found for player 0, device 'keyboard0' (abandoning search on this device)
 37.91918|D|GELua.scenario_scenarios.scenarios| vehicle id: 46291 = ego
 38.55598|D|GELua.util_richPresence.Rich Presence| Playing v2v_ukf on Italy with ETK 800-Series
 38.56231|D|GELua.gameplay_playmodeMarkers.| Playmode clusters and markers cleared
 40.88202|I|CEF.MainGEUI#local://local/ui/ui-vue/dist/index.js:23| ERROR: streamUpdate cycle is already active, skipping this update of streams
 40.89774|I|libbeamng.TechCom| Started listening on 127.0.0.1/33193.
 40.94023|I|GELua.tech_techCore.TechGE| New vehicle connection: 46291, 33193
 40.98283|I|CEF.MainGEUI#local://local/ui/ui-vue/dist/index.js:23| ERROR: streamUpdate cycle is already active, skipping this update of streams
 41.28244|D|GELua.scenario_scenarios.scenarios| onScenarioUIReady(start)
 41.28278|D|GELua.scenario_scenarios.scenarios| changeState: pre-running
 41.28282|D|GELua.statistics_statistics.statistics| onRaceGoalsInitilised: called 
 41.28282|D|GELua.statistics_statistics.statistics| initialiseTables called...
 41.29745|I|GELua.scenario_waypoints.waypoints| initialise called....
 41.29745|I|GELua.scenario_waypoints.waypoints| No lapconfig found or lapconfig empty. Not initializing waypoints system
 41.29752|D|GELua.scenario_scenarios.scenarios| should run: false; state: pre-running
 41.48340|I|updateHTMLTextures| 46291:VehicleTex-@licenseplate-52-11-specular will destroy updateRequested true
 41.48341|I|updateHTMLTextures| 46291:VehicleTex-@licenseplate-52-11-normal will destroy updateRequested true
 41.48341|I|updateHTMLTextures| 46291:VehicleTex-@licenseplate-52-11 will destroy updateRequested true
 42.24844|I|libbeamng.TechVE| Accepted new vehicle client: 127.0.0.1/60196
 42.27040|D|GELua.scenario_scenarios.scenarios| changeState: running
 42.27045|D|GELua.core_camera.| Camera switched to "orbit"
 42.27080|D|GELua.util_richPresence.Rich Presence| Playing v2v_ukf on Italy with ETK 800-Series
 42.27087|D|GELua.util_richPresence.Rich Presence| Playing v2v_ukf on Italy with ETK 800-Series
 42.30479|D|GELua.tech_techCore.TechGE| Created sensor 0 of type 'IMU' with name 'imu'
 42.30480|I|GELua.tech_techCore.TechGE| Opened AdvancedIMU sensor
 42.32374|D|GELua.scenario_scenarios.scenarios| onScenarioUIReady(play)
 42.32375|D|GELua.scenario_scenarios.scenarios| should run: false; state: running
 42.35912|D|GELua.tech_techCore.TechGE| Created sensor 1 of type 'GPS' with name 'gps'
 42.35913|I|GELua.tech_techCore.TechGE| Opened GPS sensor
 42.62530|D|CEF.MainGEUI#local://local/ui/ui-vue/dist/index.js:66| [messages] deriveIconForCategory vehicle.shiftermode
 42.62532|D|CEF.MainGEUI#local://local/ui/ui-vue/dist/index.js:66|  -> match: vehicle.shiftermode transmissionM
 50.98373|D|CEF.MainGEUI#local://local/ui/ui-vue/dist/index.js:66| [messages] deriveIconForCategory vehicle.shiftermode
 50.98375|D|CEF.MainGEUI#local://local/ui/ui-vue/dist/index.js:66|  -> match: vehicle.shiftermode transmissionM
 51.48934|E|updateHTMLTextures| Frame not rendered: VehicleTex-@licenseplate-52-11-specular
 51.48935|D|CEF tex CHK| `VehicleTex-@licenseplate-52-11-specular` rendered=0 requested=14 updateRequested=false
 51.50331|E|updateHTMLTextures| Frame not rendered: VehicleTex-@licenseplate-52-11-normal
 51.50332|D|CEF tex CHK| `VehicleTex-@licenseplate-52-11-normal` rendered=0 requested=14 updateRequested=false
 51.50487|E|updateHTMLTextures| Frame not rendered: VehicleTex-@licenseplate-52-11
 51.50488|D|CEF tex CHK| `VehicleTex-@licenseplate-52-11` rendered=0 requested=14 updateRequested=false
 67.47331|D|CEF.MainGEUI#local://local/ui/ui-vue/dist/index.js:66| [messages] deriveIconForCategory recovery
 67.47333|D|CEF.MainGEUI#local://local/ui/ui-vue/dist/index.js:66|  -> no match, fallback to info
 67.50296|D|CEF.MainGEUI#local://local/ui/ui-vue/dist/index.js:66| [messages] deriveIconForCategory vehicle.shiftermode
 67.50298|D|CEF.MainGEUI#local://local/ui/ui-vue/dist/index.js:66|  -> match: vehicle.shiftermode transmissionM
 67.50298|D|CEF.MainGEUI#local://local/ui/ui-vue/dist/index.js:66| [messages] deriveIconForCategory vehicle.ignition.ignitionLevel
 67.50299|D|CEF.MainGEUI#local://local/ui/ui-vue/dist/index.js:66|  -> match: vehicle.ignition.ignitionLevel keys1
 67.50351|D|CEF.MainGEUI#local://local/ui/ui-vue/dist/index.js:66| [messages] deriveIconForCategory vehicle.twoStep.status
 67.50352|D|CEF.MainGEUI#local://local/ui/ui-vue/dist/index.js:66|  -> match: vehicle.twoStep.status signal04a
 67.50353|D|CEF.MainGEUI#local://local/ui/ui-vue/dist/index.js:66| [messages] deriveIconForCategory vehicle.twoStep.status
 67.50354|D|CEF.MainGEUI#local://local/ui/ui-vue/dist/index.js:66|  -> match: vehicle.twoStep.status signal04a
 67.50354|D|CEF.MainGEUI#local://local/ui/ui-vue/dist/index.js:66| [messages] deriveIconForCategory vehicle.driveModes
 67.50355|D|CEF.MainGEUI#local://local/ui/ui-vue/dist/index.js:66|  -> match: vehicle.driveModes ESC
 80.25562|D|CEF.MainGEUI#local://local/ui/ui-vue/dist/index.js:66| [messages] deriveIconForCategory vehicle.engine.inductionSystemDamaged.true
 80.25563|D|CEF.MainGEUI#local://local/ui/ui-vue/dist/index.js:66|  -> prefix: vehicle.engine. engine
 80.29839|D|CEF.MainGEUI#local://local/ui/ui-vue/dist/index.js:66| [messages] deriveIconForCategory vehicle.damage.deflated.FL
 80.29843|D|CEF.MainGEUI#local://local/ui/ui-vue/dist/index.js:66|  -> prefix: vehicle.damage.deflated. tireDeflated
 82.17621|D|CEF.MainGEUI#local://local/ui/ui-vue/dist/index.js:66| [messages] deriveIconForCategory recovery
 82.17623|D|CEF.MainGEUI#local://local/ui/ui-vue/dist/index.js:66|  -> no match, fallback to info
 82.20436|D|CEF.MainGEUI#local://local/ui/ui-vue/dist/index.js:66| [messages] deriveIconForCategory vehicle.shiftermode
 82.20437|D|CEF.MainGEUI#local://local/ui/ui-vue/dist/index.js:66|  -> match: vehicle.shiftermode transmissionM
 82.20438|D|CEF.MainGEUI#local://local/ui/ui-vue/dist/index.js:66| [messages] deriveIconForCategory vehicle.ignition.ignitionLevel
 82.20439|D|CEF.MainGEUI#local://local/ui/ui-vue/dist/index.js:66|  -> match: vehicle.ignition.ignitionLevel keys1
 82.20440|D|CEF.MainGEUI#local://local/ui/ui-vue/dist/index.js:66| [messages] deriveIconForCategory vehicle.twoStep.status
 82.20440|D|CEF.MainGEUI#local://local/ui/ui-vue/dist/index.js:66|  -> match: vehicle.twoStep.status signal04a
 82.20441|D|CEF.MainGEUI#local://local/ui/ui-vue/dist/index.js:66| [messages] deriveIconForCategory vehicle.twoStep.status
 82.20442|D|CEF.MainGEUI#local://local/ui/ui-vue/dist/index.js:66|  -> match: vehicle.twoStep.status signal04a
 82.20443|D|CEF.MainGEUI#local://local/ui/ui-vue/dist/index.js:66| [messages] deriveIconForCategory vehicle.driveModes
 82.20443|D|CEF.MainGEUI#local://local/ui/ui-vue/dist/index.js:66|  -> match: vehicle.driveModes ESC
 97.26987|D|CEF.MainGEUI#local://local/ui/ui-vue/dist/index.js:66| [messages] deriveIconForCategory vehicle.engine.inductionSystemDamaged.true
 97.26989|D|CEF.MainGEUI#local://local/ui/ui-vue/dist/index.js:66|  -> prefix: vehicle.engine. engine
 98.66979|D|CEF.MainGEUI#local://local/ui/ui-vue/dist/index.js:66| [messages] deriveIconForCategory vehicle.damage.device.Front Right Axle
 98.66981|D|CEF.MainGEUI#local://local/ui/ui-vue/dist/index.js:66|  -> prefix: vehicle.damage.device. cogDamaged
 98.76954|D|CEF.MainGEUI#local://local/ui/ui-vue/dist/index.js:66| [messages] deriveIconForCategory vehicle.postCrashBrake.impact
 98.76956|D|CEF.MainGEUI#local://local/ui/ui-vue/dist/index.js:66|  -> match: vehicle.postCrashBrake.impact hazardLights
 99.86284|D|CEF.MainGEUI#local://local/ui/ui-vue/dist/index.js:66| [messages] deriveIconForCategory recovery
 99.86286|D|CEF.MainGEUI#local://local/ui/ui-vue/dist/index.js:66|  -> no match, fallback to info
 99.90536|D|CEF.MainGEUI#local://local/ui/ui-vue/dist/index.js:66| [messages] deriveIconForCategory vehicle.shiftermode
 99.90537|D|CEF.MainGEUI#local://local/ui/ui-vue/dist/index.js:66|  -> match: vehicle.shiftermode transmissionM
 99.90538|D|CEF.MainGEUI#local://local/ui/ui-vue/dist/index.js:66| [messages] deriveIconForCategory vehicle.ignition.ignitionLevel
 99.90539|D|CEF.MainGEUI#local://local/ui/ui-vue/dist/index.js:66|  -> match: vehicle.ignition.ignitionLevel keys1
 99.90540|D|CEF.MainGEUI#local://local/ui/ui-vue/dist/index.js:66| [messages] deriveIconForCategory vehicle.twoStep.status
 99.90541|D|CEF.MainGEUI#local://local/ui/ui-vue/dist/index.js:66|  -> match: vehicle.twoStep.status signal04a
 99.90541|D|CEF.MainGEUI#local://local/ui/ui-vue/dist/index.js:66| [messages] deriveIconForCategory vehicle.twoStep.status
 99.90542|D|CEF.MainGEUI#local://local/ui/ui-vue/dist/index.js:66|  -> match: vehicle.twoStep.status signal04a
 99.90543|D|CEF.MainGEUI#local://local/ui/ui-vue/dist/index.js:66| [messages] deriveIconForCategory vehicle.driveModes
 99.90543|D|CEF.MainGEUI#local://local/ui/ui-vue/dist/index.js:66|  -> match: vehicle.driveModes ESC
115.85115|D|CEF.MainGEUI#local://local/ui/ui-vue/dist/index.js:66| [messages] deriveIconForCategory vehicle.engine.inductionSystemDamaged.true
115.85118|D|CEF.MainGEUI#local://local/ui/ui-vue/dist/index.js:66|  -> prefix: vehicle.engine. engine
115.91581|D|CEF.MainGEUI#local://local/ui/ui-vue/dist/index.js:66| [messages] deriveIconForCategory vehicle.engine.impactDamage.true
115.91583|D|CEF.MainGEUI#local://local/ui/ui-vue/dist/index.js:66|  -> prefix: vehicle.engine. engine
115.91587|D|CEF.MainGEUI#local://local/ui/ui-vue/dist/index.js:66| [messages] deriveIconForCategory vehicle.postCrashBrake.impact
115.91588|D|CEF.MainGEUI#local://local/ui/ui-vue/dist/index.js:66|  -> match: vehicle.postCrashBrake.impact hazardLights
116.53498|D|CEF.MainGEUI#local://local/ui/ui-vue/dist/index.js:66| [messages] deriveIconForCategory recovery
116.53500|D|CEF.MainGEUI#local://local/ui/ui-vue/dist/index.js:66|  -> no match, fallback to info
116.56049|D|CEF.MainGEUI#local://local/ui/ui-vue/dist/index.js:66| [messages] deriveIconForCategory vehicle.shiftermode
116.56051|D|CEF.MainGEUI#local://local/ui/ui-vue/dist/index.js:66|  -> match: vehicle.shiftermode transmissionM
116.56051|D|CEF.MainGEUI#local://local/ui/ui-vue/dist/index.js:66| [messages] deriveIconForCategory vehicle.ignition.ignitionLevel
116.56052|D|CEF.MainGEUI#local://local/ui/ui-vue/dist/index.js:66|  -> match: vehicle.ignition.ignitionLevel keys1
116.56053|D|CEF.MainGEUI#local://local/ui/ui-vue/dist/index.js:66| [messages] deriveIconForCategory vehicle.twoStep.status
116.56053|D|CEF.MainGEUI#local://local/ui/ui-vue/dist/index.js:66|  -> match: vehicle.twoStep.status signal04a
116.56054|D|CEF.MainGEUI#local://local/ui/ui-vue/dist/index.js:66| [messages] deriveIconForCategory vehicle.twoStep.status
116.56055|D|CEF.MainGEUI#local://local/ui/ui-vue/dist/index.js:66|  -> match: vehicle.twoStep.status signal04a
116.56055|D|CEF.MainGEUI#local://local/ui/ui-vue/dist/index.js:66| [messages] deriveIconForCategory vehicle.driveModes
116.56056|D|CEF.MainGEUI#local://local/ui/ui-vue/dist/index.js:66|  -> match: vehicle.driveModes ESC
154.31916|D|CEF.MainGEUI#local://local/ui/ui-vue/dist/index.js:66| [messages] deriveIconForCategory recovery
154.31919|D|CEF.MainGEUI#local://local/ui/ui-vue/dist/index.js:66|  -> no match, fallback to info
154.36046|D|CEF.MainGEUI#local://local/ui/ui-vue/dist/index.js:66| [messages] deriveIconForCategory vehicle.shiftermode
154.36048|D|CEF.MainGEUI#local://local/ui/ui-vue/dist/index.js:66|  -> match: vehicle.shiftermode transmissionM
154.36049|D|CEF.MainGEUI#local://local/ui/ui-vue/dist/index.js:66| [messages] deriveIconForCategory vehicle.ignition.ignitionLevel
154.36050|D|CEF.MainGEUI#local://local/ui/ui-vue/dist/index.js:66|  -> match: vehicle.ignition.ignitionLevel keys1
154.36050|D|CEF.MainGEUI#local://local/ui/ui-vue/dist/index.js:66| [messages] deriveIconForCategory vehicle.twoStep.status
154.36051|D|CEF.MainGEUI#local://local/ui/ui-vue/dist/index.js:66|  -> match: vehicle.twoStep.status signal04a
154.36052|D|CEF.MainGEUI#local://local/ui/ui-vue/dist/index.js:66| [messages] deriveIconForCategory vehicle.twoStep.status
154.36053|D|CEF.MainGEUI#local://local/ui/ui-vue/dist/index.js:66|  -> match: vehicle.twoStep.status signal04a
154.36054|D|CEF.MainGEUI#local://local/ui/ui-vue/dist/index.js:66| [messages] deriveIconForCategory vehicle.driveModes
154.36054|D|CEF.MainGEUI#local://local/ui/ui-vue/dist/index.js:66|  -> match: vehicle.driveModes ESC
183.30418|D|CEF.MainGEUI#local://local/ui/ui-vue/dist/index.js:66| [messages] deriveIconForCategory vehicle.damage.device.Front Right Axle
183.30420|D|CEF.MainGEUI#local://local/ui/ui-vue/dist/index.js:66|  -> prefix: vehicle.damage.device. cogDamaged
183.30421|D|CEF.MainGEUI#local://local/ui/ui-vue/dist/index.js:66| [messages] deriveIconForCategory vehicle.engine.inductionSystemDamaged.true
183.30421|D|CEF.MainGEUI#local://local/ui/ui-vue/dist/index.js:66|  -> prefix: vehicle.engine. engine
183.33347|D|CEF.MainGEUI#local://local/ui/ui-vue/dist/index.js:66| [messages] deriveIconForCategory vehicle.postCrashBrake.impact
183.33349|D|CEF.MainGEUI#local://local/ui/ui-vue/dist/index.js:66|  -> match: vehicle.postCrashBrake.impact hazardLights
183.36668|D|CEF.MainGEUI#local://local/ui/ui-vue/dist/index.js:66| [messages] deriveIconForCategory vehicle.engine.impactDamage.true
183.36669|D|CEF.MainGEUI#local://local/ui/ui-vue/dist/index.js:66|  -> prefix: vehicle.engine. engine
204.87704|D|CEF.MainGEUI#local://local/ui/ui-vue/dist/index.js:66| [messages] deriveIconForCategory recovery
204.87709|D|CEF.MainGEUI#local://local/ui/ui-vue/dist/index.js:66|  -> no match, fallback to info
204.91224|D|CEF.MainGEUI#local://local/ui/ui-vue/dist/index.js:66| [messages] deriveIconForCategory vehicle.shiftermode
204.91225|D|CEF.MainGEUI#local://local/ui/ui-vue/dist/index.js:66|  -> match: vehicle.shiftermode transmissionM
204.91226|D|CEF.MainGEUI#local://local/ui/ui-vue/dist/index.js:66| [messages] deriveIconForCategory vehicle.ignition.ignitionLevel
204.91227|D|CEF.MainGEUI#local://local/ui/ui-vue/dist/index.js:66|  -> match: vehicle.ignition.ignitionLevel keys1
204.91228|D|CEF.MainGEUI#local://local/ui/ui-vue/dist/index.js:66| [messages] deriveIconForCategory vehicle.twoStep.status
204.91228|D|CEF.MainGEUI#local://local/ui/ui-vue/dist/index.js:66|  -> match: vehicle.twoStep.status signal04a
204.91229|D|CEF.MainGEUI#local://local/ui/ui-vue/dist/index.js:66| [messages] deriveIconForCategory vehicle.twoStep.status
204.91230|D|CEF.MainGEUI#local://local/ui/ui-vue/dist/index.js:66|  -> match: vehicle.twoStep.status signal04a
204.91230|D|CEF.MainGEUI#local://local/ui/ui-vue/dist/index.js:66| [messages] deriveIconForCategory vehicle.driveModes
204.91231|D|CEF.MainGEUI#local://local/ui/ui-vue/dist/index.js:66|  -> match: vehicle.driveModes ESC
233.28512|D|CEF.MainGEUI#local://local/ui/ui-vue/dist/index.js:66| [messages] deriveIconForCategory recovery
233.28513|D|CEF.MainGEUI#local://local/ui/ui-vue/dist/index.js:66|  -> no match, fallback to info
233.31024|D|CEF.MainGEUI#local://local/ui/ui-vue/dist/index.js:66| [messages] deriveIconForCategory vehicle.shiftermode
233.31025|D|CEF.MainGEUI#local://local/ui/ui-vue/dist/index.js:66|  -> match: vehicle.shiftermode transmissionM
233.31026|D|CEF.MainGEUI#local://local/ui/ui-vue/dist/index.js:66| [messages] deriveIconForCategory vehicle.ignition.ignitionLevel
233.31027|D|CEF.MainGEUI#local://local/ui/ui-vue/dist/index.js:66|  -> match: vehicle.ignition.ignitionLevel keys1
233.31028|D|CEF.MainGEUI#local://local/ui/ui-vue/dist/index.js:66| [messages] deriveIconForCategory vehicle.twoStep.status
233.31029|D|CEF.MainGEUI#local://local/ui/ui-vue/dist/index.js:66|  -> match: vehicle.twoStep.status signal04a
233.31029|D|CEF.MainGEUI#local://local/ui/ui-vue/dist/index.js:66| [messages] deriveIconForCategory vehicle.twoStep.status
233.31030|D|CEF.MainGEUI#local://local/ui/ui-vue/dist/index.js:66|  -> match: vehicle.twoStep.status signal04a
233.31092|D|CEF.MainGEUI#local://local/ui/ui-vue/dist/index.js:66| [messages] deriveIconForCategory vehicle.driveModes
233.31093|D|CEF.MainGEUI#local://local/ui/ui-vue/dist/index.js:66|  -> match: vehicle.driveModes ESC
245.47801|D|CEF.MainGEUI#local://local/ui/ui-vue/dist/index.js:66| [messages] deriveIconForCategory vehicle.engine.inductionSystemDamaged.true
245.47803|D|CEF.MainGEUI#local://local/ui/ui-vue/dist/index.js:66|  -> prefix: vehicle.engine. engine
311.55841|D|CEF.MainGEUI#local://local/ui/ui-vue/dist/index.js:66| [messages] deriveIconForCategory vehicle.engine.impactDamage.true
311.55843|D|CEF.MainGEUI#local://local/ui/ui-vue/dist/index.js:66|  -> prefix: vehicle.engine. engine
311.55844|D|CEF.MainGEUI#local://local/ui/ui-vue/dist/index.js:66| [messages] deriveIconForCategory vehicle.engine.radiatorLeak.true
311.55845|D|CEF.MainGEUI#local://local/ui/ui-vue/dist/index.js:66|  -> match: vehicle.engine.radiatorLeak.true coolantTemp
311.55847|D|CEF.MainGEUI#local://local/ui/ui-vue/dist/index.js:66| [messages] deriveIconForCategory vehicle.postCrashBrake.impact
311.55848|D|CEF.MainGEUI#local://local/ui/ui-vue/dist/index.js:66|  -> match: vehicle.postCrashBrake.impact hazardLights
311.59299|D|CEF.MainGEUI#local://local/ui/ui-vue/dist/index.js:66| [messages] deriveIconForCategory vehicle.damage.device.Rear Driveshaft
311.59300|D|CEF.MainGEUI#local://local/ui/ui-vue/dist/index.js:66|  -> prefix: vehicle.damage.device. cogDamaged
403.64539|D|CEF.MainGEUI#local://local/ui/ui-vue/dist/index.js:66| [messages] deriveIconForCategory recovery
403.64542|D|CEF.MainGEUI#local://local/ui/ui-vue/dist/index.js:66|  -> no match, fallback to info
403.69364|D|CEF.MainGEUI#local://local/ui/ui-vue/dist/index.js:66| [messages] deriveIconForCategory vehicle.shiftermode
403.69366|D|CEF.MainGEUI#local://local/ui/ui-vue/dist/index.js:66|  -> match: vehicle.shiftermode transmissionM
403.69367|D|CEF.MainGEUI#local://local/ui/ui-vue/dist/index.js:66| [messages] deriveIconForCategory vehicle.ignition.ignitionLevel
403.69368|D|CEF.MainGEUI#local://local/ui/ui-vue/dist/index.js:66|  -> match: vehicle.ignition.ignitionLevel keys1
403.69368|D|CEF.MainGEUI#local://local/ui/ui-vue/dist/index.js:66| [messages] deriveIconForCategory vehicle.twoStep.status
403.69369|D|CEF.MainGEUI#local://local/ui/ui-vue/dist/index.js:66|  -> match: vehicle.twoStep.status signal04a
403.69370|D|CEF.MainGEUI#local://local/ui/ui-vue/dist/index.js:66| [messages] deriveIconForCategory vehicle.twoStep.status
403.69370|D|CEF.MainGEUI#local://local/ui/ui-vue/dist/index.js:66|  -> match: vehicle.twoStep.status signal04a
403.69371|D|CEF.MainGEUI#local://local/ui/ui-vue/dist/index.js:66| [messages] deriveIconForCategory vehicle.driveModes
403.69372|D|CEF.MainGEUI#local://local/ui/ui-vue/dist/index.js:66|  -> match: vehicle.driveModes ESC
488.31491|D|CEF.MainGEUI#local://local/ui/ui-vue/dist/index.js:66| [messages] deriveIconForCategory vehicle.engine.inductionSystemDamaged.true
488.31493|D|CEF.MainGEUI#local://local/ui/ui-vue/dist/index.js:66|  -> prefix: vehicle.engine. engine
488.35192|D|CEF.MainGEUI#local://local/ui/ui-vue/dist/index.js:66| [messages] deriveIconForCategory vehicle.postCrashBrake.impact
488.35194|D|CEF.MainGEUI#local://local/ui/ui-vue/dist/index.js:66|  -> match: vehicle.postCrashBrake.impact hazardLights
1052.12187|I|handleAppEvent| Window closed
1052.12203|I|handleAppEvent| Window closed
1052.13828|D|shutdown| *** shutdown ***
1052.23361|I|GELua.|      112 bytes     0.06 ms TOTAL onPreExit()
1052.23362|I|GELua.|      112 bytes     0.06 ms   extensions.onPreExit
1052.24019|I|GELua.server.lua| *** Level ended: /levels/italy/main.level.json
1052.31205|D|GELua.util_richPresence.Rich Presence| Playing v2v_ukf on Italy with  
1052.33930|D|GELua.core_input_bindings.bindings| Loaded 300 bindings for device keyboard0
1052.33956|D|GELua.core_input_bindings.bindings| Loaded 20 bindings for device mouse0
1055.81303|D|fmod| project_ambient_maps.bank: Closing project '/art/sound/fmod/desktop/ambient_maps.bank'
1055.81324|D|fmod| project_ambient_maps.assets.bank: Closing project '/art/sound/fmod/desktop/ambient_maps.assets.bank'
1056.13070|D|vfs| Empty path will be resolved to root but should not be used: '' -> ''
1056.13588|I|GELua.postFx| % - PostFX Manager - Save complete. Preset saved at : settings/postfxSettings.postfx
1056.15690|I|GELua.|  3281269 bytes  3922.93 ms TOTAL onExit()
1056.15691|I|GELua.|    42832 bytes     6.29 ms   extensions.onExit
1056.15691|I|GELua.|        0 bytes     0.00 ms   disconnectWrapper.bool
1056.15692|I|GELua.|      160 bytes     0.02 ms   disconnectActual.physicsStopSimulation
1056.15692|I|GELua.|        0 bytes     0.01 ms   disconnectActual.findCanvas
1056.15693|I|GELua.|        0 bytes     0.11 ms   disconnectActual.hideMouse
1056.15693|I|GELua.|        0 bytes     0.04 ms   disconnectActual.setVars
1056.15693|I|GELua.|        0 bytes     0.05 ms   server.destroy.setvar (x2)
1056.15694|I|GELua.|      136 bytes     0.04 ms   endMission.vars
1056.15694|I|GELua.|   160628 bytes    12.93 ms   endMission.clientEndMission
1056.15694|I|GELua.|        0 bytes     0.00 ms   endMission.editorGui
1056.15695|I|GELua.|        0 bytes     0.00 ms   endMission.audio
1056.15695|I|GELua.|        0 bytes    27.68 ms   endMission.decals
1056.15695|I|GELua.|  3031629 bytes  1376.88 ms   endMission.deleteObjects
1056.15696|I|GELua.|        0 bytes  2085.42 ms   endMission.delete
1056.15696|I|GELua.|       64 bytes     9.33 ms   endMission.cleanup
1056.15696|I|GELua.|       64 bytes    30.67 ms   endMission.levelLoading
1056.15697|I|GELua.|        0 bytes     0.00 ms   endMission.clearLogs
1056.15700|I|GELua.|        0 bytes     0.00 ms   endMission.finalSet
1056.15700|I|GELua.|        0 bytes     0.00 ms   server.destroy.endMission
1056.15703|I|GELua.|        0 bytes    19.66 ms   server.destroy.physics
1056.15703|I|GELua.|        0 bytes   327.71 ms   server.destroy.datablocks
1056.15704|I|GELua.|        0 bytes     0.03 ms   server.destroy.sessioncount
1056.15704|I|GELua.|        0 bytes     0.00 ms   server.destroy.rawsets
1056.15704|I|GELua.|        0 bytes     0.00 ms   disconnectActual.server
1056.15704|I|GELua.|        0 bytes     0.02 ms   disconnectActual.filename
1056.15705|I|GELua.|        0 bytes     0.00 ms   disconnectActual.requestExitLoadingScreen
1056.15705|I|GELua.|        0 bytes     0.00 ms   disconnectActual.callback
1056.15705|I|GELua.|        0 bytes     0.00 ms   disconnectWrapper.help
1056.15705|I|GELua.|        0 bytes     0.00 ms   noLoadingScreenDisconnect
1056.15705|I|GELua.|        0 bytes     0.00 ms   PhysicsPlugin
1056.15706|I|GELua.|        0 bytes     0.00 ms   ParentOnExit
1056.15706|I|GELua.|       64 bytes     0.01 ms   MainEventManager.find
1056.15706|I|GELua.|        0 bytes     0.04 ms   MainEventManager.onExit
1056.15707|I|GELua.|    16840 bytes     5.73 ms   savePostFx
1056.15707|I|GELua.|    28852 bytes    20.26 ms   settings
1057.21150|D|shutdown| Discord shutting down ...
1057.56138|I|shutdown| This part of shutdown procedure took 5.42 seconds. These are the sub-stages that took more than 10ms to shutdown: stopCommandListener: 94ms, LUA.onExit: 3923ms, ModuleManager.shutdown.BBEF_SHUT:GFXModule: 195ms, ModuleManager.shutdown.SFXModule: 626ms, ModuleManager.shutdown.StaticRenderManager: 13ms, ModuleManager.shutdown.BBEF_SHUT:Sim: 23ms, ModuleManager.shutdown.Sim: 15ms, ModuleManager.shutdown.ModuleCEF: 103ms, ModuleManager.shutdown.GameEngineLua: 73ms, ModuleManager.shutdown.BBEF_SHUT:MaterialManagerModule: 139ms, ModuleManager.shutdown.GFXModule: 192ms
