  0.05450|E|mountPaths| Cannot set up directory watchers for /home/rizkimapa/Games/BeamNG.tech.v0.38.5.0/. VFS updates will be affected. Original error: Invalid argument
  0.05645|D|saveStoredVersion| Saving version '0.38.5.0' to ini file '/home/rizkimapa/.local/share/BeamNG/BeamNG.tech.ini'
  0.05667|D|crashrpt| Installing crash reporter on path: /home/rizkimapa/Documents/V2V_LoRa_CAN/BeamNG.tech/current/temp/crashReports
  0.21942|I|engine| Virtual Filesystem: user path: /home/rizkimapa/Documents/V2V_LoRa_CAN/BeamNG.tech/current/ (Command line argument (-userpath))
  0.21944|D|main| H2 9E8F68E4ABDD28A49347784516E376A1B976
  0.23213|I|init| Initializing platform...
  0.23239|D|engine| initializing 115 modules (only displaying anything above 0.1 s)...
  0.23240|D|gfx| GFX Init:
  0.23241|D|gfx|    Null device found
  0.23614|D|fmod| FMOD API version: 2.03.09
  0.24345|E|BeamEngine| unable to load libbeamng.dll
  0.24345|E|BeamEngine| dlerror: libbeamng.x64.so: cannot open shared object file: No such file or directory
  0.24359|D|sfx| Using default audio device: C-Media(R) Audio Analog Stereo
  0.24533|D|_init| SFXFMODDevice FMOD Driver info:
  0.24533|D|_init|  - id: 0
  0.24533|D|_init|  - name: C-Media(R) Audio Analog Stereo
  0.24533|D|_init|  - systemrate: 48000
  0.24533|D|_init|  - speakermode: 'Stereo' (internal id=3)
  0.24533|D|_init|  - speakermodechannels: 2
  0.25650|E|sfx| smCoreSystem->loadPlugin() was unable to load plugin 'libBeamNGBlendLayerDSP.so': File not found.
  0.25654|E|sfx| smCoreSystem->loadPlugin() was unable to load plugin 'libfmodDistanceFilter.so': File not found.
  0.25657|E|sfx| smCoreSystem->loadPlugin() was unable to load plugin 'libfmodGain.so': File not found.
  0.30272|D|sfx| Created FMOD device 'C-Media(R) Audio Analog Stereo'
  0.30273|D|sfx|   CAPS_VoiceManagement
  0.30293|D|sfx|    Provider: FMOD
  0.30293|D|sfx|    Hardware: false
  0.30293|D|sfx|    Buffers: 16
  0.31539|I|GELua.| ============== GELUA VM loading ===============
  0.42880|D|GELua.core_versionUpdate.| Current version: '"0.38.5.0.19602"' ('"0.38"'), last version: '"0.38.5.0.19602"' ('"0.38"'), newInstall: 'true'
  0.42880|D|GELua.core_versionUpdate.| Folder cleanup skipped
  0.42882|D|GELua.gameplay_missions_progress.| Loaded 0 condition types from 0 files.
  0.42956|D|GELua.gameplay_missions_missions.| Loaded 2 procedural Mission Generators from 2 files.
  0.43022|D|GELua.gameplay_missions_unlocks.| Loaded 10 condition types from 4 files.
  0.43400|D|engine|  - GameEngineLua in 0.13 seconds
  0.43401|D|engine| ... all modules loaded in 0.202 seconds
  0.43443|D|init| OpenXR: Steam VR mode: disabled
  0.43443|D|init| SaveData cloud sync status: inactive
  0.51826|D|gfx| Available adapters: 2
  0.51826|D|gfx|  - name:GPU (Vulkan), outputName:\\.\DISPLAY1, gfx:Vulkan, gpu:GPU
  0.51826|D|gfx|  - name:GFX Null Device, outputName:, gfx:, gpu:
  0.51826|D|gfx| Attempting to create GFX device 1: GPU (Vulkan) [with output \\.\DISPLAY1]
  0.51827|D|gfx| shader model: 5.0 , available video modes: 28
  0.51828|D|gfx| Device created, setting adapter and enumerating modes
  0.53415|W|GELua.core_levels.| info.json missing: /levels/GridMap/info.json
  0.53421|E|GELua.core_levels.| No entry point for level found: /levels/GridMap. Ignoring level.
  0.68146|D|GELua._lua_ge_extensions_gameplay_missions_proceduralMissionGenerators_timeTrialMissions.| Hid 0 prodecural TimeTrials missions because they were hidden by real missions.
  0.68181|D|GELua.gameplay_missions_missions.| Loaded 566 total missions: 529 from files, 37 from generators.
  0.69769|D|GELua.| Processing 3352 files in 34 batches. Max batch size: 100
  1.01375|I|GELua.core_vehiclePaints.| Found 199 paints, 0 paint collections, 6 multiPaintSetups in 1 paint libraries, 8 same-name paint names
  1.14566|D|GELua.gameplay_missions_unlocks.| Processed unlock status of missions: 439/566 startable missions, 441/566 visible missions.
  1.15173|I|GELua.TechCom| Started listening on 127.0.0.1/25252.
  1.20628|D|vulkan| 27 supported Vk instance extensions: VK_EXT_headless_surface, VK_NV_display_stereo, VK_EXT_swapchain_colorspace, VK_EXT_display_surface_counter, VK_EXT_debug_utils, VK_EXT_debug_report, VK_EXT_acquire_xlib_display, VK_EXT_acquire_drm_display, VK_KHR_xlib_surface, VK_EXT_layer_settings, VK_KHR_device_group_creation, VK_KHR_display, VK_EXT_direct_mode_display, VK_KHR_external_semaphore_capabilities, VK_KHR_get_display_properties2, VK_KHR_get_physical_device_properties2, VK_KHR_surface_maintenance1, VK_LUNARG_direct_driver_loading, VK_KHR_external_memory_capabilities, VK_KHR_portability_enumeration, VK_KHR_get_surface_capabilities2, VK_EXT_surface_maintenance1, VK_KHR_xcb_surface, VK_KHR_external_fence_capabilities, VK_KHR_surface, VK_KHR_surface_protected_capabilities, VK_KHR_wayland_surface
  1.20630|D|vulkan| The requested Vulkan instance extension does not appear to be supported, skipping extension: VK_NV_external_memory_capabilities
  1.20719|D|vulkan| 12 Layers: VK_LAYER_LS_frame_generation, VK_LAYER_VALVE_steam_overlay_32, VK_LAYER_VALVE_steam_overlay_64, VK_LAYER_VALVE_steam_fossilize_32, VK_LAYER_VALVE_steam_fossilize_64, VK_LAYER_MANGOHUD_overlay_x86_64, VK_LAYER_NV_optimus, VK_LAYER_NV_present, VK_LAYER_MESA_anti_lag, VK_LAYER_MESA_device_select, VK_LAYER_ALVR_capture, VK_LAYER_KHRONOS_validation
  1.20719|D|vulkan| Attempting to create vulkan instance with the following 7 instance extensions: VK_KHR_get_physical_device_properties2, VK_EXT_debug_utils, VK_KHR_surface, VK_KHR_external_memory_capabilities, VK_KHR_external_fence_capabilities, VK_KHR_external_semaphore_capabilities, VK_KHR_xlib_surface
  1.21950|D|vulkan| Available vulkan devices:
  1.21951|D|vulkan|  - name:Intel(R) Iris(R) Xe Graphics (ADL GT2) vendor:32902 version:109051908 type:Integrated
  1.21951|D|vulkan|  - name:NVIDIA GeForce RTX 3060 Laptop GPU vendor:4318 version:2496561344 type:Discrete
  1.21951|D|vulkan| Trying to locate a vulkan device with type: Discrete
  1.21951|D|vulkan|  - Ignoring vulkan device with unsuitable type: name:Intel(R) Iris(R) Xe Graphics (ADL GT2) vendor:32902 version:109051908 type:Integrated
  1.21951|D|vulkan|  - Found vulkan device with suitable type: name:NVIDIA GeForce RTX 3060 Laptop GPU vendor:4318 version:2496561344 type:Discrete
  1.21982|D|vulkan| 273 supported Vk device extensions: VK_GOOGLE_hlsl_functionality1, VK_NVX_image_view_handle, VK_NVX_binary_import, VK_NV_viewport_swizzle, VK_NV_shading_rate_image, VK_NV_shader_subgroup_partitioned, VK_NV_shader_sm_builtins, VK_NV_shader_image_footprint, VK_NV_shader_atomic_float16_vector, VK_NV_scissor_exclusive, VK_NV_sample_mask_override_coverage, VK_NV_representative_fragment_test, VK_KHR_shader_fma, VK_GOOGLE_user_type, VK_EXT_buffer_device_address, VK_KHR_sampler_mirror_clamp_to_edge, VK_EXT_attachment_feedback_loop_layout, VK_KHR_video_maintenance2, VK_KHR_video_encode_h265, VK_EXT_present_timing, VK_KHR_video_decode_av1, VK_KHR_video_encode_h264, VK_KHR_8bit_storage, VK_KHR_ray_tracing_position_fetch, VK_EXT_legacy_vertex_attributes, VK_KHR_swapchain_mutable_format, VK_KHR_push_descriptor, VK_KHR_swapchain_maintenance1, VK_NVX_multiview_per_view_attributes, VK_KHR_video_decode_h264, VK_KHR_synchronization2, VK_KHR_format_feature_flags2, VK_EXT_shader_subgroup_ballot, VK_KHR_shared_presentable_image, VK_KHR_shader_untyped_pointers, VK_EXT_sampler_filter_minmax, VK_KHR_swapchain, VK_KHR_shader_subgroup_uniform_control_flow, VK_KHR_shader_subgroup_rotate, VK_KHR_shader_integer_dot_product, VK_EXT_dynamic_rendering_unused_attachments, VK_KHR_shader_float_controls, VK_KHR_workgroup_memory_explicit_layout, VK_KHR_shader_expect_assume, VK_KHR_relaxed_block_layout, VK_KHR_external_memory, VK_KHR_index_type_uint8, VK_EXT_line_rasterization, VK_EXT_ycbcr_image_arrays, VK_EXT_4444_formats, VK_KHR_shader_clock, VK_KHR_shader_atomic_int64, VK_KHR_shader_subgroup_extended_types, VK_EXT_queue_family_foreign, VK_KHR_unified_image_layouts, VK_EXT_provoking_vertex, VK_KHR_video_encode_queue, VK_EXT_custom_border_color, VK_KHR_robustness2, VK_KHR_ray_tracing_pipeline, VK_KHR_map_memory2, VK_EXT_border_color_swizzle, VK_NV_ray_tracing_invocation_reorder, VK_KHR_shader_float16_int8, VK_EXT_depth_clip_enable, VK_NV_cuda_kernel_launch, VK_KHR_external_memory_fd, VK_EXT_vertex_input_dynamic_state, VK_KHR_video_encode_quantization_map, VK_KHR_vertex_attribute_divisor, VK_KHR_pipeline_library, VK_EXT_image_sliced_view_of_3d, VK_KHR_dynamic_rendering_local_read, VK_KHR_uniform_buffer_standard_layout, VK_KHR_device_group, VK_KHR_descriptor_update_template, VK_EXT_display_control, VK_KHR_external_semaphore, VK_KHR_depth_stencil_resolve, VK_KHR_ray_query, VK_EXT_transform_feedback, VK_KHR_variable_pointers, VK_KHR_calibrated_timestamps, VK_KHR_separate_depth_stencil_layouts, VK_KHR_compute_shader_derivatives, VK_KHR_shader_bfloat16, VK_KHR_present_wait2, VK_KHR_vulkan_memory_model, VK_KHR_external_fence_fd, VK_KHR_video_queue, VK_KHR_video_decode_vp9, VK_KHR_deferred_host_operations, VK_KHR_pipeline_binary, VK_KHR_maintenance3, VK_KHR_shader_non_semantic_info, VK_KHR_maintenance6, VK_KHR_dedicated_allocation, VK_KHR_bind_memory2, VK_KHR_copy_memory_indirect, VK_KHR_imageless_framebuffer, VK_EXT_calibrated_timestamps, VK_KHR_maintenance7, VK_KHR_driver_properties, VK_KHR_copy_commands2, VK_KHR_ray_tracing_maintenance1, VK_KHR_acceleration_structure, VK_KHR_fragment_shader_barycentric, VK_KHR_draw_indirect_count, VK_KHR_maintenance1, VK_EXT_extended_dynamic_state3, VK_EXT_external_memory_host, VK_KHR_16bit_storage, VK_KHR_maintenance8, VK_EXT_attachment_feedback_loop_dynamic_state, VK_KHR_maintenance5, VK_KHR_shader_terminate_invocation, VK_EXT_separate_stencil_usage, VK_EXT_shader_atomic_float, VK_NV_cooperative_matrix2, VK_KHR_present_mode_fifo_latest_ready, VK_NV_cooperative_matrix, VK_KHR_shader_relaxed_extended_instruction, VK_KHR_get_memory_requirements2, VK_EXT_color_write_enable, VK_EXT_conditional_rendering, VK_KHR_video_decode_queue, VK_KHR_create_renderpass2, VK_KHR_fragment_shading_rate, VK_KHR_incremental_present, VK_KHR_depth_clamp_zero_one, VK_EXT_ycbcr_2plane_444_formats, VK_KHR_cooperative_matrix, VK_EXT_device_generated_commands, VK_EXT_blend_operation_advanced, VK_KHR_external_semaphore_fd, VK_KHR_present_id2, VK_NV_device_generated_commands_compute, VK_EXT_discard_rectangles, VK_KHR_global_priority, VK_EXT_pipeline_creation_feedback, VK_NV_dedicated_allocation, VK_KHR_storage_buffer_storage_class, VK_KHR_line_rasterization, VK_KHR_spirv_1_4, VK_EXT_pipeline_creation_cache_control, VK_KHR_maintenance10, VK_KHR_maintenance9, VK_KHR_multiview, VK_KHR_maintenance2, VK_KHR_shader_maximal_reconvergence, VK_EXT_pci_bus_info, VK_KHR_pipeline_executable_properties, VK_NV_viewport_array2, VK_KHR_present_id, VK_EXT_index_type_uint8, VK_EXT_depth_bias_control, VK_KHR_shader_float_controls2, VK_EXT_depth_clip_control, VK_EXT_opacity_micromap, VK_NV_disk_cache_utils, VK_EXT_depth_clamp_control, VK_EXT_descriptor_heap, VK_EXT_descriptor_indexing, VK_EXT_custom_resolve, VK_EXT_pageable_device_local_memory, VK_EXT_device_address_binding_report, VK_KHR_dynamic_rendering, VK_EXT_load_store_op_none, VK_EXT_device_fault, VK_EXT_swapchain_maintenance1, VK_EXT_extended_dynamic_state, VK_KHR_buffer_device_address, VK_KHR_load_store_op_none, VK_NV_geometry_shader_passthrough, VK_EXT_external_memory_dma_buf, VK_EXT_fragment_shader_interlock, VK_KHR_zero_initialize_workgroup_memory, VK_EXT_global_priority, VK_EXT_graphics_pipeline_library, VK_EXT_primitive_topology_list_restart, VK_EXT_hdr_metadata, VK_EXT_host_image_copy, VK_EXT_host_query_reset, VK_NV_descriptor_pool_overallocation, VK_EXT_image_2d_view_of_3d, VK_EXT_image_drm_format_modifier, VK_EXT_post_depth_coverage, VK_EXT_image_robustness, VK_EXT_image_view_min_lod, VK_AMD_buffer_marker, VK_EXT_inline_uniform_block, VK_EXT_map_memory_placed, VK_EXT_memory_budget, VK_EXT_memory_priority, VK_EXT_mesh_shader, VK_NV_cluster_acceleration_structure, VK_EXT_multi_draw, VK_EXT_mutable_descriptor_type, VK_EXT_nested_command_buffer, VK_EXT_physical_device_drm, VK_EXT_shader_uniform_buffer_unsized_array, VK_KHR_video_encode_intra_refresh, VK_NV_fragment_shading_rate_enums, VK_EXT_pipeline_library_group_handles, VK_KHR_present_wait, VK_EXT_scalar_block_layout, VK_EXT_pipeline_robustness, VK_EXT_present_mode_fifo_latest_ready, VK_EXT_primitives_generated_query, VK_EXT_subgroup_size_control, VK_EXT_private_data, VK_EXT_shader_module_identifier, VK_EXT_conservative_rasterization, VK_KHR_video_maintenance1, VK_EXT_ray_tracing_invocation_reorder, VK_EXT_shader_subgroup_vote, VK_EXT_robustness2, VK_KHR_external_fence, VK_EXT_depth_range_unrestricted, VK_NV_mesh_shader, VK_EXT_sample_locations, VK_EXT_shader_64bit_indexing, VK_EXT_memory_decompression, VK_EXT_shader_demote_to_helper_invocation, VK_EXT_shader_image_atomic_int64, VK_EXT_shader_replicated_composites, VK_KHR_timeline_semaphore, VK_EXT_shader_viewport_index_layer, VK_EXT_texel_buffer_alignment, VK_KHR_sampler_ycbcr_conversion, VK_EXT_tooling_info, VK_KHR_shader_draw_parameters, VK_EXT_shader_object, VK_EXT_vertex_attribute_divisor, VK_EXT_vertex_attribute_robustness, VK_KHR_maintenance4, VK_EXT_descriptor_buffer, VK_EXT_zero_initialize_device_memory, VK_EXT_global_priority_query, VK_NV_clip_space_w_scaling, VK_NV_compute_occupancy_priority, VK_NV_compute_shader_derivatives, VK_NV_cooperative_vector, VK_EXT_extended_dynamic_state2, VK_NV_device_diagnostic_checkpoints, VK_NV_copy_memory_indirect, VK_NV_corner_sampled_image, VK_NV_coverage_reduction_mode, VK_KHR_video_decode_h265, VK_NV_dedicated_allocation_image_aliasing, VK_NV_fragment_coverage_to_color, VK_NV_device_diagnostics_config, VK_NV_device_generated_commands, VK_NV_extended_sparse_address_space, VK_EXT_non_seamless_cube_map, VK_NV_fill_rectangle, VK_NV_fragment_shader_barycentric, VK_NV_framebuffer_mixed_samples, VK_NV_inherited_viewport_scissor, VK_NV_internal_nvpresent, VK_KHR_shader_quad_control, VK_NV_linear_color_attachment, VK_KHR_image_format_list, VK_NV_low_latency, VK_NV_ray_tracing_motion_blur, VK_NV_low_latency2, VK_EXT_depth_clamp_zero_one, VK_NV_memory_decompression, VK_NV_optical_flow, VK_NV_partitioned_acceleration_structure, VK_NV_present_metering, VK_NV_raw_access_chains, VK_NV_ray_tracing
  1.21989|D|vulkan| Attempting to create vulkan device with the following 27 vulkan device extensions: VK_KHR_swapchain, VK_EXT_memory_budget, VK_EXT_memory_priority, VK_NV_device_diagnostic_checkpoints, VK_EXT_robustness2, VK_KHR_fragment_shader_barycentric, VK_EXT_pageable_device_local_memory, VK_KHR_ray_query, VK_KHR_ray_tracing_pipeline, VK_KHR_acceleration_structure, VK_KHR_deferred_host_operations, VK_KHR_get_memory_requirements2, VK_KHR_external_memory_fd, VK_KHR_external_semaphore_fd, VK_KHR_external_fence_fd, VK_KHR_image_format_list, VK_KHR_external_memory, VK_KHR_external_fence, VK_KHR_external_semaphore, VK_KHR_dedicated_allocation, VK_EXT_queue_family_foreign, VK_KHR_bind_memory2, VK_KHR_create_renderpass2, VK_KHR_maintenance2, VK_KHR_multiview, VK_KHR_push_descriptor, VK_KHR_timeline_semaphore
  1.57649|D|vulkan| Created Vulkan device from NVIDIA GeForce RTX 3060 Laptop GPU
  1.57757|D|gfx| GFXCardProfiler (Vulkan) - Setting capability 'maxTextureWidth' to 8192.
  1.57758|D|gfx| GFXCardProfiler (Vulkan) - Setting capability 'maxTextureHeight' to 8192.
  1.57758|D|gfx| GFXCardProfiler (Vulkan) - Setting capability 'maxTextureSize' to 8192.
  1.57758|D|gfx| GFXCardProfiler (Vulkan) - Setting capability 'autoMipMapLevel' to 1.
  1.57758|D|gfx| GFXCardProfiler (Vulkan) - Setting capability 'lerpDetailBlend' to 1.
  1.57758|D|gfx| GFXCardProfiler (Vulkan) - Setting capability 'fourStageDetailBlend' to 1.
  1.64838|D|initShaderGen| Failed to remove file /temp/shaders/procedural/autogenConditioners.h
  1.65501|D|vulkan| Vulkan render initialized
  1.65505|I|vulkan| Driver Name: NVIDIA
  1.65505|I|vulkan| Driver Info: 595.58.03
  1.72029|D|GELua.core_settings_graphic.graphic| Sanitizing display - //./DISPLAY1: Passed.
  1.72030|D|GELua.core_settings_graphic.graphic| Sanitizing display mode - Window: Passed.
  1.72030|D|GELua.core_settings_graphic.graphic| Sanitizing display resolution for Window mode - 1280 720: Passed.
  1.73947|D|imgui| Loading 13 imgui fonts...
  1.73953|D|imgui| Adding fonts to imgui:
  1.74098|D|imgui| 	'cairo_bold'->'ui/common/Cairo-Bold.ttf' Scale: 1.3  RangeCount: 3
  1.74176|D|imgui| 	'cairo_regular'->'ui/common/Cairo-Regular.ttf' Scale: 1.3  RangeCount: 3
  1.74180|D|imgui| 	'cairo_regular_medium'->'ui/common/Cairo-Regular.ttf' Scale: 1.8  RangeCount: 3
  1.74256|D|imgui| 	'cairo_semibold_large'->'ui/common/Cairo-SemiBold.ttf' Scale: 2  RangeCount: 3
  1.74353|D|imgui| 	'consola_regular'->'ui/common/win/consola.ttf' Scale: 1  RangeCount: 4
  1.74434|D|imgui| 	'icons'->'ui/common/fa-solid-900.ttf' Scale: 3  RangeCount: 1
  1.74798|D|imgui| 	'notosans_jp_regular'->'ui/common/NotoSansJP-Regular.otf' Scale: 1  RangeCount: 3004
  1.75050|D|imgui| 	'notosans_kr_regular'->'ui/common/NotoSansKR-Regular.otf' Scale: 1  RangeCount: 3
  1.75721|D|imgui| 	'notosans_sc_regular'->'ui/common/NotoSansSC-Regular.otf' Scale: 1  RangeCount: 2506
  1.76122|D|imgui| 	'notosans_tc_regular'->'ui/common/NotoSansTC-Regular.otf' Scale: 1  RangeCount: 7
  1.76194|D|imgui| 	'prompt_regular'->'ui/common/Prompt-Regular.ttf' Scale: 1  RangeCount: 3
  1.76270|D|imgui| 	'robotomono_regular'->'ui/common/RobotoMono-Regular.ttf' Scale: 1  RangeCount: 4
  1.76410|D|imgui| 	'segoeui_regular'->'ui/common/win/segoeui.ttf' Scale: 1  RangeCount: 4
  1.76462|D|getImFontAtlasHash| atlas->Flags: 0
  1.76462|D|getImFontAtlasHash| atlas->TexDesiredWidth: 0
  1.76463|D|getImFontAtlasHash| atlas->TexGlyphPadding: 1
  1.76463|D|getImFontAtlasHash| atlas->TexPixelsUseColors: false
  1.76463|D|getImFontAtlasHash| atlas->Fonts.Size: 13
  1.76472|W|isCacheUsable| imguiAtlas hash mismatch: cache : 00ee0b739aefd63d9f26dd64f8de3b99f9f7b85e5dacc0212451898cb2a9a094, expected : 39645bd49034d390468d350339f562802a06ffa4168461d48333e17ad0fdfe33
  2.62780|D|getImFontAtlasHash| atlas->Flags: 0
  2.62781|D|getImFontAtlasHash| atlas->TexDesiredWidth: 0
  2.62781|D|getImFontAtlasHash| atlas->TexGlyphPadding: 1
  2.62781|D|getImFontAtlasHash| atlas->TexPixelsUseColors: false
  2.62781|D|getImFontAtlasHash| atlas->Fonts.Size: 13
  2.71003|D|save| imguiAtlas cache saved 39645bd49034d390468d350339f562802a06ffa4168461d48333e17ad0fdfe33
  2.71334|D|imgui| font texture contains 13 fonts. Atlas size: 4096x16384px
  2.71334|D|imgui|  - cairo_bold           [24.3 px]:    292 glyphs
  2.71334|D|imgui|  - cairo_regular        [24.3 px]:    292 glyphs
  2.71335|D|imgui|  - cairo_regular_medium [33.7 px]:    292 glyphs
  2.71335|D|imgui|  - cairo_semibold_large [37.4 px]:    292 glyphs
  2.71335|D|imgui|  - consola_regular      [18.7 px]:    465 glyphs
  2.71335|D|imgui|  - icons                [56.1 px]:     16 glyphs
  2.71335|D|imgui|  - notosans_jp_regular  [18.7 px]:   3685 glyphs
  2.71336|D|imgui|  - notosans_kr_regular  [18.7 px]:    388 glyphs
  2.71336|D|imgui|  - notosans_sc_regular  [18.7 px]:   3220 glyphs
  2.71336|D|imgui|  - notosans_tc_regular  [18.7 px]:  16064 glyphs
  2.71336|D|imgui|  - prompt_regular       [18.7 px]:    299 glyphs
  2.71336|D|imgui|  - robotomono_regular   [18.7 px]:    460 glyphs
  2.71336|D|imgui|  - segoeui_regular      [18.7 px]:    465 glyphs
  2.71337|D|imgui| 26230 glyphs totally
  2.73975|D|_mapMaterial| [Material::mapMaterial] - Cannot map unnamed Material - settings/game-settings.cs
  2.93482|I|GELua.| ============== GELUA VM loaded ================
  3.09860|D|run| Started up in 3.17 seconds: fs: 127ms, fs: 162ms, singletonThread: 8ms, modules: 202ms, TScmdline: 2502ms, cef2: 162ms
  3.09861|W|run| Lua security sandbox not enabled! This can be dangerous if you are running untrusted Lua code.
To hide this warning, run BeamNG with either the '-enable-sandbox' argument to enable the sandbox
or with the '-disable-sandbox' argument to explicitly disable it.
In future versions of BeamNG.tech, '-enable-sandbox' will become the default option.
  3.32237|D|fmod| Opened project '/art/sound/fmod/desktop/main_preload.assets.bank' in 0.068 seconds. [Preload sample data]
  3.40769|D|fmod| Opened project '/art/sound/fmod/desktop/main_preload.streams.bank' in 0.085 seconds. [Preload sample data]
  3.49238|D|fmod| Opened project '/art/sound/fmod/desktop/vehicle_preload.assets.bank' in 0.085 seconds. [Preload sample data]
  3.57867|D|fmod| Opened project '/art/sound/fmod/desktop/vehicle_preload.streams.bank' in 0.086 seconds. [Preload sample data]
  3.62994|D|fmod| Opened project '/art/sound/fmod/desktop/ambient_maps.streams.bank' in 0.051 seconds. 
  3.67093|D|fmod| Opened project '/art/sound/fmod/desktop/music.assets.bank' in 0.041 seconds. 
  3.71216|D|fmod| Opened project '/art/sound/fmod/desktop/music.streams.bank' in 0.041 seconds. 
  3.75840|D|fmod| Opened project '/art/sound/fmod/desktop/speech.assets.bank' in 0.046 seconds. 
  3.79932|D|fmod| Opened project '/art/sound/fmod/desktop/speech.streams.bank' in 0.041 seconds. 
  3.84012|D|fmod| Opened project '/art/sound/fmod/desktop/ui.assets.bank' in 0.041 seconds. 
  3.88561|D|fmod| Opened project '/art/sound/fmod/desktop/ui.streams.bank' in 0.045 seconds. 
  3.92632|D|fmod| Opened project '/art/sound/fmod/desktop/vehicle.assets.bank' in 0.041 seconds. 
  3.96734|D|fmod| Opened project '/art/sound/fmod/desktop/vehicle.streams.bank' in 0.041 seconds. 
  4.04741|D|fmod| Opened project '/art/sound/fmod/desktop/main_preload.strings.bank' in 0.080 seconds. [Preload sample data]
  4.35246|D|fmod| Opened project '/art/sound/fmod/desktop/main_preload.bank' in 0.304 seconds. [Preload sample data]
  4.71504|D|fmod| Opened project '/art/sound/fmod/desktop/vehicle_preload.bank' in 0.361 seconds. [Preload sample data]
  4.75732|D|fmod| Opened project '/art/sound/fmod/desktop/music.bank' in 0.041 seconds. 
  4.80387|D|fmod| Opened project '/art/sound/fmod/desktop/speech.bank' in 0.046 seconds. 
  4.84523|D|fmod| Opened project '/art/sound/fmod/desktop/ui.bank' in 0.041 seconds. 
  4.96698|E|fmod| Unable to load bank. State: 4, file: /art/sound/fmod/desktop/vehicle.bank
  4.99008|D|GELua.core_input_bindings.bindings| Loaded 300 bindings for device keyboard0
  4.99027|D|GELua.core_input_bindings.bindings| Loaded 20 bindings for device mouse0
  5.09399|D|sfx| Using default audio device: C-Media(R) Audio Analog Stereo
  5.09414|D|GELua.gameplay_rawPois.| Raw Poi Lists Cleared. New Generation: 1
  5.09415|D|GELua.gameplay_rawPois.| Raw Poi Lists Cleared. New Generation: 2
  5.09415|D|GELua.gameplay_rawPois.| Raw Poi Lists Cleared. New Generation: 3
  5.09415|D|GELua.gameplay_rawPois.| Raw Poi Lists Cleared. New Generation: 4
  5.09416|D|GELua.gameplay_rawPois.| Raw Poi Lists Cleared. New Generation: 5
  5.09416|D|GELua.gameplay_rawPois.| Raw Poi Lists Cleared. New Generation: 6
  5.09424|D|GELua.gameplay_rawPois.| Raw Poi Lists Cleared. New Generation: 7
  5.09425|D|GELua.gameplay_rawPois.| Raw Poi Lists Cleared. New Generation: 8
  5.09466|D|GELua.core_settings_settings.| refreshLanguages(): oldLanguage = ""  appliedLanguage = "" userLanguage = ""
  5.09466|D|GELua.core_settings_settings.|        switching language.
  5.19940|D|reloadLanguages| Could not load any language, falling back to 'en-US'
  5.19941|I|reloadLanguages| Switched from '' language to 'en-US' (as fallback, after trying '')
  5.20133|D|GELua.core_settings_settings.| set font: segoeui_regular
  5.20239|D|GELua.core_settings_graphic.graphic| Applying graphic settings: \\.\DISPLAY1, Window, 1280 x 720 143 Hz
  5.21666|D|GELua.core_settings_graphic.graphic| Available Video Modes : { "1920 1080", "1680 1050", "1600 900", "1440 1080", "1440 900", "1400 1050", "1368 768", "1280 1024", "1280 960", "1280 800", "1280 720", "1152 864", "1152 720", "1024 768", "1024 576", "960 600", "928 580", "864 486", "800 600", "800 500", "768 480", "720 480", "640 480" }
  5.21681|D|sfx| Using default audio device: C-Media(R) Audio Analog Stereo
  5.21792|I|GELua.telemetry_core.telemetry| Telemetry disabled via settings - operating in no-op mode
  5.21851|D|GELua.core_modmanager.initDB| Notification : took 0.0011659999996638ms to reorganise 0 files
  5.21852|D|GELua.core_modmanager.initDB| Notification : took 0.014456000000607ms to callback
  5.23289|D|GELua.gameplay_rawPois.| Raw Poi Lists Cleared. New Generation: 9
  5.23396|I|GELua.adas_gauge_light.modscript| adas_gauge_light loaded (BeamNG.tech)
  5.26219|D|GELua.core_versionUpdate.| Saving lastVersion to disk: "0.38.5.0.19602"
  5.39720|I|GELua.tech_techCore.TechGE| Accepted new client: 127.0.0.1/46300
  5.48479|D|GELua.core_cameraModes_relative.core_camera.relative| No refNodes found, using default fallback
  5.49663|D|GELua.core_input_bindings.bindings| Loaded 300 bindings for device keyboard0
  5.49701|D|GELua.core_input_bindings.bindings| Loaded 20 bindings for device mouse0
  5.49968|D|GELua.tech_techCore.TechGE| Scenario file '/levels/italy/scenarios/v2v_telemetry/v2v_telemetry.json' changed, refreshing scenario cache.
  5.58915|D|GELua._lua_ge_extensions_gameplay_missions_proceduralMissionGenerators_timeTrialMissions.| Hid 0 prodecural TimeTrials missions because they were hidden by real missions.
  5.58947|D|GELua.gameplay_missions_missions.| Loaded 566 total missions: 529 from files, 37 from generators.
  5.61249|D|GELua.| Processing 3352 files in 34 batches. Max batch size: 100
  5.81115|D|GELua.gameplay_missions_unlocks.| Processed unlock status of missions: 439/566 startable missions, 441/566 visible missions.
  5.82055|W|GELua.core_levels.| info.json missing: /levels/GridMap/info.json
  5.82060|E|GELua.core_levels.| No entry point for level found: /levels/GridMap. Ignoring level.
  5.85913|I|GELua.tech_techCore.TechGE| Loading scenario: /levels/italy/scenarios/v2v_telemetry/v2v_telemetry.json
  5.85917|I|GELua.tech_techCore.TechGE| Scenario found...
  5.90690|D|GELua.ge_extensions_gameplay_crawl_boundary.crawl_boundary| Reset boundary objects tracking
  5.90700|D|GELua.gameplay_crawl_saveSystem.crawl_save_system| Created crawl trails save directory: settings/cloud/crawlTrails/
  5.92338|D|GELua.scenario_scenarios.scenarios| loading level: /levels/italy/
  5.92338|D|GELua.core_gamestate.gamestate| loading screen request from: ; value before was: nil
  5.92338|D|GELua.core_gamestate.gamestate| sending show loading screen
  5.92341|D|GELua.core_gamestate.gamestate| ui initialised (false)
  5.92341|D|GELua.core_gamestate.gamestate| waiting for ui (false)
  5.92343|D|GELua.core_gamestate.gamestate| loading screen request from: server.lua; value before was: nil
  5.92344|D|GELua.core_gamestate.gamestate| ui initialised (false)
  5.92344|D|GELua.core_gamestate.gamestate| waiting for ui (true)
  5.92344|D|GELua.core_gamestate.gamestate| loading screen request from: worldReadyState; value before was: nil
  5.92344|D|GELua.core_gamestate.gamestate| ui initialised (false)
  5.92344|D|GELua.core_gamestate.gamestate| waiting for ui (true)
  5.92344|D|GELua.core_gamestate.gamestate| exiting : 
  8.41727|W|CEF.MainGEUI#local://local/ui/ui-vue/dist/index.js:26| Stream Coordinator: Angular $timeout service not available (no-injector)
  8.50785|D|GELua.core_gamestate.gamestate| show main menu (true)
  8.50787|D|GELua.util_richPresence.Rich Presence| Playing v2v_telemetry
  8.50853|D|GELua.core_gamestate.gamestate| ui finished loading
  8.50853|D|GELua.core_gamestate.gamestate| wait for ui is over
  8.53394|I|CEF.MainGEUI#local://local/ui/ui-vue/dist/index.js:26| Stream Coordinator: Angular $timeout service resolved after retry
  8.60086|D|CEF.MainGEUI#local://local/ui/modules/apps/app-container.js:194| Expected AppLayout but didn't get one :-(  [object Object]
  8.68254|D|GELua.core_gamestate.gamestate| ui told us loading screen is now loaded
  8.68255|I|GELua.levelLoading| Level loading: '/levels/italy/'...
  8.72791|D|fmod| Opened project '/art/sound/fmod/desktop/ambient_maps.assets.bank' in 0.045 seconds. 
  8.81242|D|fmod| Opened project '/art/sound/fmod/desktop/ambient_maps.bank' in 0.049 seconds. 
  9.44643|D|LoadingManager| Starting to load objects for /levels/italy/main/
  9.62239|D|LoadingManager| Loaded    11x       Base::SpawnSphere          in 0.117s (0.011s each; 0.118s total so far in this category)
  9.76482|D|LoadingManager| Loaded    65x       Base::CameraBookmark       in 0.138s (0.002s each; 0.261s total so far in this category)
 10.07008|I|TerrainCellMaterial| Texture added for packing, because cache outdated: /temp/art/terrainMaterialCache/8BB5EE5B086DA758.dds
 10.11351|I|TextureCooker| Texture[/temp/art/terrainMaterialCache/8BB5EE5B086DA758.dds] started importing
 11.97534|I|TextureCooker| Texture[/temp/art/terrainMaterialCache/8BB5EE5B086DA758.dds] imported in 1.9 secs
 11.97595|I|TerrainCellMaterial| Texture added for packing, because cache outdated: /temp/art/terrainMaterialCache/2D09CCBE40EFA208.dds
 12.03158|I|TextureCooker| Texture[/temp/art/terrainMaterialCache/2D09CCBE40EFA208.dds] started importing
 13.96126|I|TextureCooker| Texture[/temp/art/terrainMaterialCache/2D09CCBE40EFA208.dds] imported in 1.9 secs
 13.96188|I|TerrainCellMaterial| Texture added for packing, because cache outdated: /temp/art/terrainMaterialCache/57EB2DCB8D95E670.dds
 13.99342|I|TextureCooker| Texture[/temp/art/terrainMaterialCache/57EB2DCB8D95E670.dds] started importing
 15.34757|I|TextureCooker| Texture[/temp/art/terrainMaterialCache/57EB2DCB8D95E670.dds] imported in 1.4 secs
 15.34798|I|TerrainCellMaterial| Texture added for packing, because cache outdated: /temp/art/terrainMaterialCache/3CAFA2F2969306AB.dds
 15.38797|I|TextureCooker| Texture[/temp/art/terrainMaterialCache/3CAFA2F2969306AB.dds] started importing
 17.06082|I|TextureCooker| Texture[/temp/art/terrainMaterialCache/3CAFA2F2969306AB.dds] imported in 1.7 secs
 17.06127|I|TerrainCellMaterial| Texture added for packing, because cache outdated: /temp/art/terrainMaterialCache/A5DC59DCB3DEEC09.dds
 17.10769|I|TextureCooker| Texture[/temp/art/terrainMaterialCache/A5DC59DCB3DEEC09.dds] started importing
 18.94208|I|TextureCooker| Texture[/temp/art/terrainMaterialCache/A5DC59DCB3DEEC09.dds] imported in 1.8 secs
 18.94245|I|TerrainCellMaterial| Texture added for packing, because cache outdated: /temp/art/terrainMaterialCache/9171E66B05645036.dds
 18.99718|I|TextureCooker| Texture[/temp/art/terrainMaterialCache/9171E66B05645036.dds] started importing
 20.97793|I|TextureCooker| Texture[/temp/art/terrainMaterialCache/9171E66B05645036.dds] imported in 2 secs
 20.97856|I|TerrainCellMaterial| Texture added for packing, because cache outdated: /temp/art/terrainMaterialCache/EB134F824CE12BAF.dds
 21.01741|I|TextureCooker| Texture[/temp/art/terrainMaterialCache/EB134F824CE12BAF.dds] started importing
 22.61645|I|TextureCooker| Texture[/temp/art/terrainMaterialCache/EB134F824CE12BAF.dds] imported in 1.6 secs
 22.61682|I|TerrainCellMaterial| Texture added for packing, because cache outdated: /temp/art/terrainMaterialCache/C477D98F9BF8F651.dds
 22.65522|I|TextureCooker| Texture[/temp/art/terrainMaterialCache/C477D98F9BF8F651.dds] started importing
 24.61160|I|TextureCooker| Texture[/temp/art/terrainMaterialCache/C477D98F9BF8F651.dds] imported in 2 secs
 24.61210|I|TerrainCellMaterial| Texture added for packing, because cache outdated: /temp/art/terrainMaterialCache/626E66D48D99A7FF.dds
 24.67683|I|TextureCooker| Texture[/temp/art/terrainMaterialCache/626E66D48D99A7FF.dds] started importing
 27.06807|I|TextureCooker| Texture[/temp/art/terrainMaterialCache/626E66D48D99A7FF.dds] imported in 2.4 secs
 27.06855|I|TerrainCellMaterial| Texture added for packing, because cache outdated: /temp/art/terrainMaterialCache/6FD721A923A30138.dds
 27.11689|I|TextureCooker| Texture[/temp/art/terrainMaterialCache/6FD721A923A30138.dds] started importing
 29.51954|I|TextureCooker| Texture[/temp/art/terrainMaterialCache/6FD721A923A30138.dds] imported in 2.4 secs
 29.52000|I|TerrainCellMaterial| Texture added for packing, because cache outdated: /temp/art/terrainMaterialCache/9ABDB24202F4B3EC.dds
 29.57947|I|TextureCooker| Texture[/temp/art/terrainMaterialCache/9ABDB24202F4B3EC.dds] started importing
 32.04728|I|TextureCooker| Texture[/temp/art/terrainMaterialCache/9ABDB24202F4B3EC.dds] imported in 2.5 secs
 32.04773|I|TerrainCellMaterial| Texture added for packing, because cache outdated: /temp/art/terrainMaterialCache/C2C2CD9F5FC5E25D.dds
 32.08898|I|TextureCooker| Texture[/temp/art/terrainMaterialCache/C2C2CD9F5FC5E25D.dds] started importing
 34.28076|I|TextureCooker| Texture[/temp/art/terrainMaterialCache/C2C2CD9F5FC5E25D.dds] imported in 2.2 secs
 34.28157|I|TerrainCellMaterial| Texture added for packing, because cache outdated: /temp/art/terrainMaterialCache/44468C2309560731.dds
 34.33724|I|TextureCooker| Texture[/temp/art/terrainMaterialCache/44468C2309560731.dds] started importing
 36.64558|I|TextureCooker| Texture[/temp/art/terrainMaterialCache/44468C2309560731.dds] imported in 2.3 secs
 36.64609|I|TerrainCellMaterial| Texture added for packing, because cache outdated: /temp/art/terrainMaterialCache/D357827D80EC02AE.dds
 36.69393|I|TextureCooker| Texture[/temp/art/terrainMaterialCache/D357827D80EC02AE.dds] started importing
 38.85991|I|TextureCooker| Texture[/temp/art/terrainMaterialCache/D357827D80EC02AE.dds] imported in 2.2 secs
 38.86038|I|TerrainCellMaterial| Texture added for packing, because cache outdated: /temp/art/terrainMaterialCache/B6F67363E7DCC8F3.dds
 38.91408|I|TextureCooker| Texture[/temp/art/terrainMaterialCache/B6F67363E7DCC8F3.dds] started importing
 41.17709|I|TextureCooker| Texture[/temp/art/terrainMaterialCache/B6F67363E7DCC8F3.dds] imported in 2.3 secs
 41.17753|I|TerrainCellMaterial| Texture added for packing, because cache outdated: /temp/art/terrainMaterialCache/F27FAE92D8C9B94F.dds
 41.24022|I|TextureCooker| Texture[/temp/art/terrainMaterialCache/F27FAE92D8C9B94F.dds] started importing
 43.54318|I|TextureCooker| Texture[/temp/art/terrainMaterialCache/F27FAE92D8C9B94F.dds] imported in 2.3 secs
 43.54362|I|TerrainCellMaterial| Texture added for packing, because cache outdated: /temp/art/terrainMaterialCache/A419E58B466CAA05.dds
 43.57828|I|TextureCooker| Texture[/temp/art/terrainMaterialCache/A419E58B466CAA05.dds] started importing
 45.64518|I|TextureCooker| Texture[/temp/art/terrainMaterialCache/A419E58B466CAA05.dds] imported in 2.1 secs
 45.64566|I|TerrainCellMaterial| Texture added for packing, because cache outdated: /temp/art/terrainMaterialCache/8BED3AFB45687F4C.dds
 45.68429|I|TextureCooker| Texture[/temp/art/terrainMaterialCache/8BED3AFB45687F4C.dds] started importing
 47.31711|I|TextureCooker| Texture[/temp/art/terrainMaterialCache/8BED3AFB45687F4C.dds] imported in 1.6 secs
 48.91137|D|LoadingManager| Loaded     1x    Terrain::TerrainBlock         in 39.147s (39.147s each; 39.147s total so far in this category)
 48.93643|D|LoadingManager| Loaded     2x Environment::CloudLayer           in 0.025s (0.013s each; 0.025s total so far in this category)
 49.07423|D|LoadingManager| Loaded     1x Environment::ScatterSky           in 0.138s (0.138s each; 0.163s total so far in this category)
 49.39022|D|LoadingManager| Loaded    11x Environment::GroundCover          in 0.305s (0.028s each; 0.479s total so far in this category)
 49.54900|D|forest| Read 206149 forest items split into 96 different types
 51.69552|I|Imposter| Rebuilding imposter 'levels/italy/art/shapes/rocks/italy_rockface_short_wide.dae': shape file 'levels/italy/art/shapes/rocks/italy_rockface_short_wide.dae' is newer than imposter '/temp/levels/italy/art/shapes/rocks/italy_rockface_short_wide.dae.imposter.dds'
 51.69555|I|Imposter| Creating imposters for: 'levels/italy/art/shapes/rocks/italy_rockface_short_wide.dae'
 52.22909|I|Imposter| Rebuilding imposter 'levels/italy/art/shapes/rocks/italy_rockface_boulder_1.dae': shape file 'levels/italy/art/shapes/rocks/italy_rockface_boulder_1.dae' is newer than imposter '/temp/levels/italy/art/shapes/rocks/italy_rockface_boulder_1.dae.imposter.dds'
 52.22910|I|Imposter| Creating imposters for: 'levels/italy/art/shapes/rocks/italy_rockface_boulder_1.dae'
 52.37085|I|Imposter| Rebuilding imposter '/levels/italy/art/shapes/rocks/italy_rockface_small_4.dae': shape file '/levels/italy/art/shapes/rocks/italy_rockface_small_4.dae' is newer than imposter '/temp//levels/italy/art/shapes/rocks/italy_rockface_small_4.dae.imposter.dds'
 52.37087|I|Imposter| Creating imposters for: '/levels/italy/art/shapes/rocks/italy_rockface_small_4.dae'
 52.43628|I|Imposter| Rebuilding imposter '/levels/italy/art/shapes/rocks/italy_rockface_tiny_1.dae': shape file '/levels/italy/art/shapes/rocks/italy_rockface_tiny_1.dae' is newer than imposter '/temp//levels/italy/art/shapes/rocks/italy_rockface_tiny_1.dae.imposter.dds'
 52.43631|I|Imposter| Creating imposters for: '/levels/italy/art/shapes/rocks/italy_rockface_tiny_1.dae'
 52.50491|I|Imposter| Rebuilding imposter '/levels/italy/art/shapes/rocks/italy_rockface_tiny_2.dae': shape file '/levels/italy/art/shapes/rocks/italy_rockface_tiny_2.dae' is newer than imposter '/temp//levels/italy/art/shapes/rocks/italy_rockface_tiny_2.dae.imposter.dds'
 52.50493|I|Imposter| Creating imposters for: '/levels/italy/art/shapes/rocks/italy_rockface_tiny_2.dae'
 53.11432|I|Imposter| Rebuilding imposter '/levels/italy/art/shapes/rocks/quarry/s_it_quarry_ramp_support_medium_broken_1.dae': shape file '/levels/italy/art/shapes/rocks/quarry/s_it_quarry_ramp_support_medium_broken_1.dae' is newer than imposter '/temp//levels/italy/art/shapes/rocks/quarry/s_it_quarry_ramp_support_medium_broken_1.dae.imposter.dds'
 53.11436|I|Imposter| Creating imposters for: '/levels/italy/art/shapes/rocks/quarry/s_it_quarry_ramp_support_medium_broken_1.dae'
 53.52237|I|Imposter| Rebuilding imposter '/levels/italy/art/shapes/rocks/quarry/s_it_quarry_ramp_support_medium_broken_3.dae': shape file '/levels/italy/art/shapes/rocks/quarry/s_it_quarry_ramp_support_medium_broken_3.dae' is newer than imposter '/temp//levels/italy/art/shapes/rocks/quarry/s_it_quarry_ramp_support_medium_broken_3.dae.imposter.dds'
 53.52238|I|Imposter| Creating imposters for: '/levels/italy/art/shapes/rocks/quarry/s_it_quarry_ramp_support_medium_broken_3.dae'
 53.60854|I|Imposter| Rebuilding imposter '/levels/italy/art/shapes/rocks/quarry/s_it_quarry_ramp_support_medium_wedge.dae': shape file '/levels/italy/art/shapes/rocks/quarry/s_it_quarry_ramp_support_medium_wedge.dae' is newer than imposter '/temp//levels/italy/art/shapes/rocks/quarry/s_it_quarry_ramp_support_medium_wedge.dae.imposter.dds'
 53.60857|I|Imposter| Creating imposters for: '/levels/italy/art/shapes/rocks/quarry/s_it_quarry_ramp_support_medium_wedge.dae'
 53.68629|I|Imposter| Rebuilding imposter '/levels/italy/art/shapes/rocks/quarry/s_it_quarry_ramp_support_medium_broken_2.dae': shape file '/levels/italy/art/shapes/rocks/quarry/s_it_quarry_ramp_support_medium_broken_2.dae' is newer than imposter '/temp//levels/italy/art/shapes/rocks/quarry/s_it_quarry_ramp_support_medium_broken_2.dae.imposter.dds'
 53.68632|I|Imposter| Creating imposters for: '/levels/italy/art/shapes/rocks/quarry/s_it_quarry_ramp_support_medium_broken_2.dae'
 53.77924|I|Imposter| Rebuilding imposter '/levels/italy/art/shapes/rocks/italy_rockface_tiny_10.dae': shape file '/levels/italy/art/shapes/rocks/italy_rockface_tiny_10.dae' is newer than imposter '/temp//levels/italy/art/shapes/rocks/italy_rockface_tiny_10.dae.imposter.dds'
 53.77926|I|Imposter| Creating imposters for: '/levels/italy/art/shapes/rocks/italy_rockface_tiny_10.dae'
 53.84462|I|Imposter| Rebuilding imposter '/levels/italy/art/shapes/rocks/italy_rockface_tiny_11.dae': shape file '/levels/italy/art/shapes/rocks/italy_rockface_tiny_11.dae' is newer than imposter '/temp//levels/italy/art/shapes/rocks/italy_rockface_tiny_11.dae.imposter.dds'
 53.84463|I|Imposter| Creating imposters for: '/levels/italy/art/shapes/rocks/italy_rockface_tiny_11.dae'
 53.89952|I|Imposter| Rebuilding imposter '/levels/italy/art/shapes/rocks/italy_rockface_tiny_3.dae': shape file '/levels/italy/art/shapes/rocks/italy_rockface_tiny_3.dae' is newer than imposter '/temp//levels/italy/art/shapes/rocks/italy_rockface_tiny_3.dae.imposter.dds'
 53.89955|I|Imposter| Creating imposters for: '/levels/italy/art/shapes/rocks/italy_rockface_tiny_3.dae'
 53.96807|I|Imposter| Rebuilding imposter '/levels/italy/art/shapes/rocks/italy_rockface_tiny_4.dae': shape file '/levels/italy/art/shapes/rocks/italy_rockface_tiny_4.dae' is newer than imposter '/temp//levels/italy/art/shapes/rocks/italy_rockface_tiny_4.dae.imposter.dds'
 53.96809|I|Imposter| Creating imposters for: '/levels/italy/art/shapes/rocks/italy_rockface_tiny_4.dae'
 54.03346|I|Imposter| Rebuilding imposter '/levels/italy/art/shapes/rocks/italy_rockface_tiny_5.dae': shape file '/levels/italy/art/shapes/rocks/italy_rockface_tiny_5.dae' is newer than imposter '/temp//levels/italy/art/shapes/rocks/italy_rockface_tiny_5.dae.imposter.dds'
 54.03350|I|Imposter| Creating imposters for: '/levels/italy/art/shapes/rocks/italy_rockface_tiny_5.dae'
 54.09587|I|Imposter| Rebuilding imposter '/levels/italy/art/shapes/rocks/italy_rockface_tiny_6.dae': shape file '/levels/italy/art/shapes/rocks/italy_rockface_tiny_6.dae' is newer than imposter '/temp//levels/italy/art/shapes/rocks/italy_rockface_tiny_6.dae.imposter.dds'
 54.09589|I|Imposter| Creating imposters for: '/levels/italy/art/shapes/rocks/italy_rockface_tiny_6.dae'
 54.15761|I|Imposter| Rebuilding imposter '/levels/italy/art/shapes/rocks/italy_rockface_tiny_7.dae': shape file '/levels/italy/art/shapes/rocks/italy_rockface_tiny_7.dae' is newer than imposter '/temp//levels/italy/art/shapes/rocks/italy_rockface_tiny_7.dae.imposter.dds'
 54.15762|I|Imposter| Creating imposters for: '/levels/italy/art/shapes/rocks/italy_rockface_tiny_7.dae'
 54.21370|I|Imposter| Rebuilding imposter '/levels/italy/art/shapes/rocks/italy_rockface_tiny_8.dae': shape file '/levels/italy/art/shapes/rocks/italy_rockface_tiny_8.dae' is newer than imposter '/temp//levels/italy/art/shapes/rocks/italy_rockface_tiny_8.dae.imposter.dds'
 54.21373|I|Imposter| Creating imposters for: '/levels/italy/art/shapes/rocks/italy_rockface_tiny_8.dae'
 54.27560|I|Imposter| Rebuilding imposter '/levels/italy/art/shapes/rocks/italy_rockface_tiny_9.dae': shape file '/levels/italy/art/shapes/rocks/italy_rockface_tiny_9.dae' is newer than imposter '/temp//levels/italy/art/shapes/rocks/italy_rockface_tiny_9.dae.imposter.dds'
 54.27562|I|Imposter| Creating imposters for: '/levels/italy/art/shapes/rocks/italy_rockface_tiny_9.dae'
 55.58159|D|LoadingManager| Loaded     1x     Forest::Forest               in 6.190s (6.190s each; 6.190s total so far in this category)
 63.84481|I|Imposter| Rebuilding imposter '/levels/italy/art/shapes/rocks/quarry/s_it_quarry_ramp_support_big_1.dae': shape file '/levels/italy/art/shapes/rocks/quarry/s_it_quarry_ramp_support_big_1.dae' is newer than imposter '/temp//levels/italy/art/shapes/rocks/quarry/s_it_quarry_ramp_support_big_1.dae.imposter.dds'
 63.84484|I|Imposter| Creating imposters for: '/levels/italy/art/shapes/rocks/quarry/s_it_quarry_ramp_support_big_1.dae'
 65.12686|I|Imposter| Rebuilding imposter '/levels/italy/art/shapes/rocks/quarry/s_it_quarry_ramp_support_big_2.dae': shape file '/levels/italy/art/shapes/rocks/quarry/s_it_quarry_ramp_support_big_2.dae' is newer than imposter '/temp//levels/italy/art/shapes/rocks/quarry/s_it_quarry_ramp_support_big_2.dae.imposter.dds'
 65.12688|I|Imposter| Creating imposters for: '/levels/italy/art/shapes/rocks/quarry/s_it_quarry_ramp_support_big_2.dae'
 65.21173|I|Imposter| Rebuilding imposter '/levels/italy/art/shapes/rocks/quarry/s_it_quarry_ramp_support_big_3.dae': shape file '/levels/italy/art/shapes/rocks/quarry/s_it_quarry_ramp_support_big_3.dae' is newer than imposter '/temp//levels/italy/art/shapes/rocks/quarry/s_it_quarry_ramp_support_big_3.dae.imposter.dds'
 65.21175|I|Imposter| Creating imposters for: '/levels/italy/art/shapes/rocks/quarry/s_it_quarry_ramp_support_big_3.dae'
 65.29400|I|Imposter| Rebuilding imposter '/levels/italy/art/shapes/rocks/quarry/s_it_quarry_ramp_support_medium_block.dae': shape file '/levels/italy/art/shapes/rocks/quarry/s_it_quarry_ramp_support_medium_block.dae' is newer than imposter '/temp//levels/italy/art/shapes/rocks/quarry/s_it_quarry_ramp_support_medium_block.dae.imposter.dds'
 65.29404|I|Imposter| Creating imposters for: '/levels/italy/art/shapes/rocks/quarry/s_it_quarry_ramp_support_medium_block.dae'
 65.38697|I|Imposter| Rebuilding imposter '/levels/italy/art/shapes/rocks/quarry/s_it_quarry_ramp_support_16x2x4_ramp_b_dirt.dae': shape file '/levels/italy/art/shapes/rocks/quarry/s_it_quarry_ramp_support_16x2x4_ramp_b_dirt.dae' is newer than imposter '/temp//levels/italy/art/shapes/rocks/quarry/s_it_quarry_ramp_support_16x2x4_ramp_b_dirt.dae.imposter.dds'
 65.38698|I|Imposte